
Caused by: org.eclipse.aether.transfer.ArtifactNotFoundException: Failure to find com.artima.supersafe:supersafe_2.12.4:jar:sources:1.1.3 in http://repo1.maven.org/maven2 was cached in the local repository, resolution will not be reattempted until the update interval of central has elapsed or updates are forced
    at org.eclipse.aether.internal.impl.DefaultUpdateCheckManager.newException (DefaultUpdateCheckManager.java:233)
    at org.eclipse.aether.internal.impl.DefaultUpdateCheckManager.checkArtifact (DefaultUpdateCheckManager.java:208)
    at org.eclipse.aether.internal.impl.DefaultArtifactResolver.gatherDownloads (DefaultArtifactResolver.java:563)
    at org.eclipse.aether.internal.impl.DefaultArtifactResolver.performDownloads (DefaultArtifactResolver.java:481)
    at org.eclipse.aether.internal.impl.DefaultArtifactResolver.resolve (DefaultArtifactResolver.java:399)
    at org.eclipse.aether.internal.impl.DefaultArtifactResolver.resolveArtifacts (DefaultArtifactResolver.java:224)
    at org.eclipse.aether.internal.impl.DefaultRepositorySystem.resolveDependencies (DefaultRepositorySystem.java:338)
    at com.carrotgarden.maven.scalor.resolve.Aether.fetchDepends (Aether.scala:172)
    at com.carrotgarden.maven.scalor.resolve.Aether.fetchDepends$ (Aether.scala:168)
    at com.carrotgarden.maven.scalor.resolve.AetherUnit.fetchDepends (Aether.scala:213)
    at com.carrotgarden.maven.scalor.resolve.Aether.resolveFiltered (Aether.scala:139)
    at com.carrotgarden.maven.scalor.resolve.Aether.resolveFiltered$ (Aether.scala:129)
    at com.carrotgarden.maven.scalor.resolve.AetherUnit.resolveFiltered (Aether.scala:213)
    at com.carrotgarden.maven.scalor.resolve.Aether.resolveDependency (Aether.scala:74)
    at com.carrotgarden.maven.scalor.resolve.Aether.resolveDependency$ (Aether.scala:66)
    at com.carrotgarden.maven.scalor.resolve.AetherUnit.resolveDependency (Aether.scala:213)
    at com.carrotgarden.maven.scalor.resolve.Aether.resolveBothJars (Aether.scala:91)
    at com.carrotgarden.maven.scalor.resolve.Aether.resolveBothJars$ (Aether.scala:83)
    at com.carrotgarden.maven.scalor.resolve.AetherUnit.resolveBothJars (Aether.scala:213)
    at com.carrotgarden.maven.scalor.resolve.Aether.resolveRoundTrip (Aether.scala:107)
    at com.carrotgarden.maven.scalor.resolve.Aether.resolveRoundTrip$ (Aether.scala:99)
    at com.carrotgarden.maven.scalor.resolve.AetherUnit.resolveRoundTrip (Aether.scala:213)
    at com.carrotgarden.maven.scalor.resolve.Maven.resolveDefine (Maven.scala:96)
    at com.carrotgarden.maven.scalor.resolve.Maven.resolveDefine$ (Maven.scala:82)
    at com.carrotgarden.maven.scalor.CompileMacroMojo.resolveDefine (CompileMojo.scala:71)
    at com.carrotgarden.maven.scalor.zinc.Resolve.resolveCustomInstall (Resolve.scala:39)
    at com.carrotgarden.maven.scalor.zinc.Resolve.resolveCustomInstall$ (Resolve.scala:30)
    at com.carrotgarden.maven.scalor.CompileMacroMojo.resolveCustomInstall (CompileMojo.scala:71)
    at com.carrotgarden.maven.scalor.zinc.Compiler$Context.<init> (Compiler.scala:160)
    at com.carrotgarden.maven.scalor.zinc.Compiler.zincPerformCompile (Compiler.scala:246)
    at com.carrotgarden.maven.scalor.zinc.Compiler.zincPerformCompile$ (Compiler.scala:245)
    at com.carrotgarden.maven.scalor.CompileMacroMojo.zincPerformCompile (CompileMojo.scala:71)
    at com.carrotgarden.maven.scalor.CompileAnyMojo.perform (CompileMojo.scala:58)
    at com.carrotgarden.maven.scalor.CompileAnyMojo.perform$ (CompileMojo.scala:45)
    at com.carrotgarden.maven.scalor.CompileMacroMojo.perform (CompileMojo.scala:71)
    at com.carrotgarden.maven.scalor.base.Mojo.execute (Mojo.scala:52)
    at com.carrotgarden.maven.scalor.base.Mojo.execute$ (Mojo.scala:41)
    at com.carrotgarden.maven.scalor.CompileMacroMojo.execute (CompileMojo.scala:71)
    at org.apache.maven.plugin.DefaultBuildPluginManager.executeMojo (DefaultBuildPluginManager.java:134)
    at org.apache.maven.lifecycle.internal.MojoExecutor.execute (MojoExecutor.java:208)
    at org.apache.maven.lifecycle.internal.MojoExecutor.execute (MojoExecutor.java:154)
    at org.apache.maven.lifecycle.internal.MojoExecutor.execute (MojoExecutor.java:146)
    at org.apache.maven.lifecycle.internal.LifecycleModuleBuilder.buildProject (LifecycleModuleBuilder.java:117)
    at org.apache.maven.lifecycle.internal.LifecycleModuleBuilder.buildProject (LifecycleModuleBuilder.java:81)
    at org.apache.maven.lifecycle.internal.builder.singlethreaded.SingleThreadedBuilder.build (SingleThreadedBuilder.java:51)
    at org.apache.maven.lifecycle.internal.LifecycleStarter.execute (LifecycleStarter.java:128)
    at org.apache.maven.DefaultMaven.doExecute (DefaultMaven.java:309)
    at org.apache.maven.DefaultMaven.doExecute (DefaultMaven.java:194)
    at org.apache.maven.DefaultMaven.execute (DefaultMaven.java:107)
    at org.apache.maven.cli.MavenCli.execute (MavenCli.java:955)
    at org.apache.maven.cli.MavenCli.doMain (MavenCli.java:290)
    at org.apache.maven.cli.MavenCli.main (MavenCli.java:194)
    at sun.reflect.NativeMethodAccessorImpl.invoke0 (Native Method)
    at sun.reflect.NativeMethodAccessorImpl.invoke (NativeMethodAccessorImpl.java:62)
    at sun.reflect.DelegatingMethodAccessorImpl.invoke (DelegatingMethodAccessorImpl.java:43)
    at java.lang.reflect.Method.invoke (Method.java:498)
    at org.codehaus.plexus.classworlds.launcher.Launcher.launchEnhanced (Launcher.java:289)
    at org.codehaus.plexus.classworlds.launcher.Launcher.launch (Launcher.java:229)
    at org.codehaus.plexus.classworlds.launcher.Launcher.mainWithExitCode (Launcher.java:415)
    at org.codehaus.plexus.classworlds.launcher.Launcher.main (Launcher.java:356)
