[INFO] [format-main] Failure files:
   /home/work/source/git/scalor-maven-plugin/src/main/java/com/carrotgarden/maven/scalor/slf4j/StaticLoggerBinder.java failure='java.lang.IllegalStateException: Workspace is closed.' java.lang.IllegalStateException: Workspace is closed.
    at org.eclipse.core.resources.ResourcesPlugin.getWorkspace(ResourcesPlugin.java:412)
    at org.eclipse.jdt.internal.formatter.DefaultCodeFormatter.createParser(DefaultCodeFormatter.java:332)
    at org.eclipse.jdt.internal.formatter.DefaultCodeFormatter.parseSourceCode(DefaultCodeFormatter.java:317)
    at org.eclipse.jdt.internal.formatter.DefaultCodeFormatter.prepareFormattedCode(DefaultCodeFormatter.java:213)
    at org.eclipse.jdt.internal.formatter.DefaultCodeFormatter.prepareFormattedCode(DefaultCodeFormatter.java:206)
    at org.eclipse.jdt.internal.formatter.CommentsPreparator.formatCode(CommentsPreparator.java:1063)
    at org.eclipse.jdt.internal.formatter.CommentsPreparator.handleFormatCodeTag(CommentsPreparator.java:801)
    at org.eclipse.jdt.internal.formatter.CommentsPreparator.handleHtml(CommentsPreparator.java:665)
    at org.eclipse.jdt.internal.formatter.CommentsPreparator.endVisit(CommentsPreparator.java:621)
    at org.eclipse.jdt.core.dom.TagElement.accept0(TagElement.java:282)
    at org.eclipse.jdt.core.dom.ASTNode.accept(ASTNode.java:2796)
    at org.eclipse.jdt.core.dom.ASTNode.acceptChildren(ASTNode.java:2867)
    at org.eclipse.jdt.core.dom.Javadoc.accept0(Javadoc.java:205)
    at org.eclipse.jdt.core.dom.ASTNode.accept(ASTNode.java:2796)
    at org.eclipse.jdt.internal.formatter.DefaultCodeFormatter.prepareComments(DefaultCodeFormatter.java:399)
    at org.eclipse.jdt.internal.formatter.DefaultCodeFormatter.prepareFormattedCode(DefaultCodeFormatter.java:222)
    at org.eclipse.jdt.internal.formatter.DefaultCodeFormatter.format(DefaultCodeFormatter.java:177)
    at org.eclipse.jdt.internal.formatter.DefaultCodeFormatter.format(DefaultCodeFormatter.java:160)
    at com.carrotgarden.maven.scalor.format.FormatJava.formatJavaText(Format.scala:181)
    at com.carrotgarden.maven.scalor.format.FormatJava.formatJavaText$(Format.scala:178)
    at com.carrotgarden.maven.scalor.FormatMainMojo.formatJavaText(FormatMojo.scala:170)
    at com.carrotgarden.maven.scalor.format.FormatJava.$anonfun$formatJavaFile$1(Format.scala:172)
    at com.carrotgarden.maven.scalor.format.FormatAny.formatProcess(Format.scala:50)
    at com.carrotgarden.maven.scalor.format.FormatAny.formatProcess$(Format.scala:43)
    at com.carrotgarden.maven.scalor.FormatMainMojo.formatProcess(FormatMojo.scala:170)
    at com.carrotgarden.maven.scalor.format.FormatJava.formatJavaFile(Format.scala:172)
    at com.carrotgarden.maven.scalor.format.FormatJava.formatJavaFile$(Format.scala:167)
    at com.carrotgarden.maven.scalor.FormatMainMojo.formatJavaFile(FormatMojo.scala:170)
    at com.carrotgarden.maven.scalor.format.FormatJava.$anonfun$formatJavaList$1(Format.scala:160)
    at scala.collection.TraversableLike.$anonfun$map$1(TraversableLike.scala:234)
    at scala.collection.mutable.ArrayOps$ofRef.foreach(ArrayOps.scala:193)
    at scala.collection.TraversableLike.map$(TraversableLike.scala:234)
    at scala.collection.mutable.ArrayOps$ofRef.map(ArrayOps.scala:193)
    at com.carrotgarden.maven.scalor.format.FormatJava.formatJavaList(Format.scala:159)
    at com.carrotgarden.maven.scalor.format.FormatJava.formatJavaList$(Format.scala:154)
    at com.carrotgarden.maven.scalor.FormatMainMojo.formatJavaList(FormatMojo.scala:170)
    at com.carrotgarden.maven.scalor.FormatAnyMojo.performFormat(FormatMojo.scala:90)
    at com.carrotgarden.maven.scalor.FormatAnyMojo.performFormat$(FormatMojo.scala:83)
    at com.carrotgarden.maven.scalor.FormatMainMojo.performFormat(FormatMojo.scala:170)
    at com.carrotgarden.maven.scalor.FormatAnyMojo.perform(FormatMojo.scala:113)
    at com.carrotgarden.maven.scalor.FormatAnyMojo.perform$(FormatMojo.scala:104)
    at com.carrotgarden.maven.scalor.FormatMainMojo.perform(FormatMojo.scala:170)
    at com.carrotgarden.maven.scalor.base.Mojo.execute(Mojo.scala:65)
    at com.carrotgarden.maven.scalor.base.Mojo.execute$(Mojo.scala:50)
    at com.carrotgarden.maven.scalor.FormatMainMojo.execute(FormatMojo.scala:170)
    at org.apache.maven.plugin.DefaultBuildPluginManager.executeMojo(DefaultBuildPluginManager.java:134)
    at com.carrotgarden.maven.scalor.base.Mojo.executeSelfMojo(Mojo.scala:84)
    at com.carrotgarden.maven.scalor.base.Mojo.executeSelfMojo$(Mojo.scala:78)
    at com.carrotgarden.maven.scalor.FormatArkonMojo.executeSelfMojo(FormatMojo.scala:127)
    at com.carrotgarden.maven.scalor.FormatArkonMojo.performFormat(FormatMojo.scala:139)
    at com.carrotgarden.maven.scalor.FormatAnyMojo.perform(FormatMojo.scala:113)
    at com.carrotgarden.maven.scalor.FormatAnyMojo.perform$(FormatMojo.scala:104)
    at com.carrotgarden.maven.scalor.FormatArkonMojo.perform(FormatMojo.scala:127)
    at com.carrotgarden.maven.scalor.base.Mojo.execute(Mojo.scala:65)
    at com.carrotgarden.maven.scalor.base.Mojo.execute$(Mojo.scala:50)
    at com.carrotgarden.maven.scalor.FormatArkonMojo.execute(FormatMojo.scala:127)
    at org.apache.maven.plugin.DefaultBuildPluginManager.executeMojo(DefaultBuildPluginManager.java:134)
    at org.apache.maven.lifecycle.internal.MojoExecutor.execute(MojoExecutor.java:208)
    at org.apache.maven.lifecycle.internal.MojoExecutor.execute(MojoExecutor.java:154)
    at org.apache.maven.lifecycle.internal.MojoExecutor.execute(MojoExecutor.java:146)
    at org.apache.maven.lifecycle.internal.LifecycleModuleBuilder.buildProject(LifecycleModuleBuilder.java:117)
    at org.apache.maven.lifecycle.internal.LifecycleModuleBuilder.buildProject(LifecycleModuleBuilder.java:81)
    at org.apache.maven.lifecycle.internal.builder.singlethreaded.SingleThreadedBuilder.build(SingleThreadedBuilder.java:51)
    at org.apache.maven.lifecycle.internal.LifecycleStarter.execute(LifecycleStarter.java:128)
    at org.apache.maven.DefaultMaven.doExecute(DefaultMaven.java:309)
    at org.apache.maven.DefaultMaven.doExecute(DefaultMaven.java:194)
    at org.apache.maven.DefaultMaven.execute(DefaultMaven.java:107)
    at org.apache.maven.cli.MavenCli.execute(MavenCli.java:955)
    at org.apache.maven.cli.MavenCli.doMain(MavenCli.java:290)
    at org.apache.maven.cli.MavenCli.main(MavenCli.java:194)
    at java.base/jdk.internal.reflect.NativeMethodAccessorImpl.invoke0(Native Method)
    at java.base/jdk.internal.reflect.NativeMethodAccessorImpl.invoke(NativeMethodAccessorImpl.java:62)
    at java.base/jdk.internal.reflect.DelegatingMethodAccessorImpl.invoke(DelegatingMethodAccessorImpl.java:43)
    at java.base/java.lang.reflect.Method.invoke(Method.java:564)
    at org.codehaus.plexus.classworlds.launcher.Launcher.launchEnhanced(Launcher.java:289)
    at org.codehaus.plexus.classworlds.launcher.Launcher.launch(Launcher.java:229)
    at org.codehaus.plexus.classworlds.launcher.Launcher.mainWithExitCode(Launcher.java:415)
    at org.codehaus.plexus.classworlds.launcher.Launcher.main(Launcher.java:356)
    at java.base/jdk.internal.reflect.NativeMethodAccessorImpl.invoke0(Native Method)
    at java.base/jdk.internal.reflect.NativeMethodAccessorImpl.invoke(NativeMethodAccessorImpl.java:62)
    at java.base/jdk.internal.reflect.DelegatingMethodAccessorImpl.invoke(DelegatingMethodAccessorImpl.java:43)
    at java.base/java.lang.reflect.Method.invoke(Method.java:564)
    at org.apache.maven.wrapper.BootstrapMainStarter.start(BootstrapMainStarter.java:39)
    at org.apache.maven.wrapper.WrapperExecutor.execute(WrapperExecutor.java:122)
    at org.apache.maven.wrapper.MavenWrapperMain.main(MavenWrapperMain.java:55)
