Description Resource    Location    Path    Type
Execution default of goal com.carrotgarden.maven:scalor-maven-plugin_2.12:1.1.2.20180202171051:eclipse-restart failed: A required class was missing while executing com.carrotgarden.maven:scalor-maven-plugin_2.12:1.1.2.20180202171051:eclipse-restart: org/eclipse/core/resources/IResourceChangeListener
-----------------------------------------------------
realm =    plugin>com.carrotgarden.maven:scalor-maven-plugin_2.12:1.1.2.20180202171051
strategy = org.codehaus.plexus.classworlds.strategy.SelfFirstStrategy
urls[0] = file:/home/user0/.m2/repository/com/carrotgarden/maven/scalor-maven-plugin_2.12/1.1.2.20180202171051/scalor-maven-plugin_2.12-1.1.2.20180202171051.jar
urls[1] = file:/home/user0/.m2/repository/org/scala-js/scalajs-cli_2.12/0.6.22/scalajs-cli_2.12-0.6.22.jar
urls[2] = file:/home/user0/.m2/repository/org/scala-lang/scala-library/2.12.4/scala-library-2.12.4.jar
urls[3] = file:/home/user0/.m2/repository/org/scala-js/scalajs-tools_2.12/0.6.22/scalajs-tools_2.12-0.6.22.jar
urls[4] = file:/home/user0/.m2/repository/org/scala-js/scalajs-ir_2.12/0.6.22/scalajs-ir_2.12-0.6.22.jar
urls[5] = file:/home/user0/.m2/repository/org/scala-js/closure-compiler-java-6/v20160517/closure-compiler-java-6-v20160517.jar
urls[6] = file:/home/user0/.m2/repository/org/scala-js/closure-compiler-externs-java-6/v20160517/closure-compiler-externs-java-6-v20160517.jar
urls[7] = file:/home/user0/.m2/repository/args4j/args4j/2.0.26/args4j-2.0.26.jar
urls[8] = file:/home/user0/.m2/repository/com/google/protobuf/protobuf-java/2.5.0/protobuf-java-2.5.0.jar
urls[9] = file:/home/user0/.m2/repository/com/google/code/gson/gson/2.2.4/gson-2.2.4.jar
urls[10] = file:/home/user0/.m2/repository/com/google/code/findbugs/jsr305/1.3.9/jsr305-1.3.9.jar
urls[11] = file:/home/user0/.m2/repository/com/googlecode/json-simple/json-simple/1.1.1/json-simple-1.1.1.jar
urls[12] = file:/home/user0/.m2/repository/com/github/scopt/scopt_2.12/3.5.0/scopt_2.12-3.5.0.jar
urls[13] = file:/home/user0/.m2/repository/com/github/klieber/phantomjs-maven-plugin/0.7/phantomjs-maven-plugin-0.7.jar
urls[14] = file:/home/user0/.m2/repository/com/github/klieber/phantomjs-maven-core/0.7/phantomjs-maven-core-0.7.jar
urls[15] = file:/home/user0/.m2/repository/org/eclipse/aether/aether-util/0.9.1.v20140329/aether-util-0.9.1.v20140329.jar
urls[16] = file:/home/user0/.m2/repository/de/schlichtherle/truezip/truezip-driver-zip/7.7.8/truezip-driver-zip-7.7.8.jar
urls[17] = file:/home/user0/.m2/repository/de/schlichtherle/truezip/truezip-swing/7.7.8/truezip-swing-7.7.8.jar
urls[18] = file:/home/user0/.m2/repository/com/google/code/findbugs/annotations/3.0.0/annotations-3.0.0.jar
urls[19] = file:/home/user0/.m2/repository/org/bouncycastle/bcprov-jdk15on/1.51/bcprov-jdk15on-1.51.jar
urls[20] = file:/home/user0/.m2/repository/de/schlichtherle/truezip/truezip-kernel/7.7.8/truezip-kernel-7.7.8.jar
urls[21] = file:/home/user0/.m2/repository/de/schlichtherle/truezip/truezip-driver-tar/7.7.8/truezip-driver-tar-7.7.8.jar
urls[22] = file:/home/user0/.m2/repository/de/schlichtherle/truezip/truezip-file/7.7.8/truezip-file-7.7.8.jar
urls[23] = file:/home/user0/.m2/repository/de/schlichtherle/truezip/truezip-driver-file/7.7.8/truezip-driver-file-7.7.8.jar
urls[24] = file:/home/user0/.m2/repository/org/scala-lang/modules/scala-xml_2.12/1.0.6/scala-xml_2.12-1.0.6.jar
urls[25] = file:/home/user0/.m2/repository/org/codehaus/plexus/plexus-utils/1.5.8/plexus-utils-1.5.8.jar
urls[26] = file:/home/user0/.m2/repository/com/carrotgarden/maven/maven-plugin-tools-annotations/1.0.20171214023519/maven-plugin-tools-annotations-1.0.20171214023519.jar
urls[27] = file:/home/user0/.m2/repository/org/apache/maven/plugin-tools/maven-plugin-tools-annotations/3.5/maven-plugin-tools-annotations-3.5.jar
urls[28] = file:/home/user0/.m2/repository/backport-util-concurrent/backport-util-concurrent/3.1/backport-util-concurrent-3.1.jar
urls[29] = file:/home/user0/.m2/repository/org/ow2/asm/asm/5.0.2/asm-5.0.2.jar
urls[30] = file:/home/user0/.m2/repository/com/thoughtworks/qdox/qdox/2.0-M4/qdox-2.0-M4.jar
urls[31] = file:/home/user0/.m2/repository/org/apache/maven/plugin-tools/maven-plugin-tools-api/3.5/maven-plugin-tools-api-3.5.jar
urls[32] = file:/home/user0/.m2/repository/org/apache/maven/plugin-tools/maven-plugin-tools-java/3.5/maven-plugin-tools-java-3.5.jar
urls[33] = file:/home/user0/.m2/repository/org/apache/maven/maven-archiver/3.2.0/maven-archiver-3.2.0.jar
urls[34] = file:/home/user0/.m2/repository/org/apache/maven/shared/maven-shared-utils/3.2.0/maven-shared-utils-3.2.0.jar
urls[35] = file:/home/user0/.m2/repository/commons-io/commons-io/2.5/commons-io-2.5.jar
urls[36] = file:/home/user0/.m2/repository/org/codehaus/plexus/plexus-archiver/3.5/plexus-archiver-3.5.jar
urls[37] = file:/home/user0/.m2/repository/org/codehaus/plexus/plexus-io/3.0.0/plexus-io-3.0.0.jar
urls[38] = file:/home/user0/.m2/repository/org/iq80/snappy/snappy/0.4/snappy-0.4.jar
urls[39] = file:/home/user0/.m2/repository/org/tukaani/xz/1.6/xz-1.6.jar
urls[40] = file:/home/user0/.m2/repository/org/codehaus/plexus/plexus-interpolation/1.22/plexus-interpolation-1.22.jar
urls[41] = file:/home/user0/.m2/repository/com/github/eirslett/frontend-maven-plugin/1.6/frontend-maven-plugin-1.6.jar
urls[42] = file:/home/user0/.m2/repository/com/github/eirslett/frontend-plugin-core/1.6/frontend-plugin-core-1.6.jar
urls[43] = file:/home/user0/.m2/repository/org/codehaus/jackson/jackson-mapper-asl/1.9.13/jackson-mapper-asl-1.9.13.jar
urls[44] = file:/home/user0/.m2/repository/org/codehaus/jackson/jackson-core-asl/1.9.13/jackson-core-asl-1.9.13.jar
urls[45] = file:/home/user0/.m2/repository/org/apache/commons/commons-exec/1.3/commons-exec-1.3.jar
urls[46] = file:/home/user0/.m2/repository/org/apache/httpcomponents/httpclient/4.5.1/httpclient-4.5.1.jar
urls[47] = file:/home/user0/.m2/repository/org/apache/httpcomponents/httpcore/4.4.3/httpcore-4.4.3.jar
urls[48] = file:/home/user0/.m2/repository/commons-logging/commons-logging/1.2/commons-logging-1.2.jar
urls[49] = file:/home/user0/.m2/repository/commons-codec/commons-codec/1.9/commons-codec-1.9.jar
urls[50] = file:/home/user0/.m2/repository/org/apache/maven/reporting/maven-reporting-api/3.0/maven-reporting-api-3.0.jar
urls[51] = file:/home/user0/.m2/repository/org/apache/maven/doxia/doxia-sink-api/1.0/doxia-sink-api-1.0.jar
urls[52] = file:/home/user0/.m2/repository/org/webjars/webjars-locator-core/0.35/webjars-locator-core-0.35.jar
urls[53] = file:/home/user0/.m2/repository/org/apache/commons/commons-lang3/3.1/commons-lang3-3.1.jar
urls[54] = file:/home/user0/.m2/repository/org/apache/commons/commons-compress/1.9/commons-compress-1.9.jar
urls[55] = file:/home/user0/.m2/repository/com/fasterxml/jackson/core/jackson-core/2.7.3/jackson-core-2.7.3.jar
urls[56] = file:/home/user0/.m2/repository/javax/enterprise/cdi-api/1.0/cdi-api-1.0.jar
urls[57] = file:/home/user0/.m2/repository/javax/annotation/jsr250-api/1.0/jsr250-api-1.0.jar
urls[58] = file:/home/user0/.m2/repository/org/sonatype/plexus/plexus-sec-dispatcher/1.4/plexus-sec-dispatcher-1.4.jar
urls[59] = file:/home/user0/.m2/repository/org/sonatype/plexus/plexus-cipher/1.4/plexus-cipher-1.4.jar
urls[60] = file:/home/user0/.m2/repository/org/apache/maven/maven-builder-support/3.5.2/maven-builder-support-3.5.2.jar
urls[61] = file:/home/user0/.m2/repository/org/apache/maven/resolver/maven-resolver-util/1.1.0/maven-resolver-util-1.1.0.jar
urls[62] = file:/home/user0/.m2/repository/org/eclipse/sisu/org.eclipse.sisu.inject/0.3.3/org.eclipse.sisu.inject-0.3.3.jar
urls[63] = file:/home/user0/.m2/repository/com/google/inject/guice/4.0/guice-4.0-no_aop.jar
urls[64] = file:/home/user0/.m2/repository/aopalliance/aopalliance/1.0/aopalliance-1.0.jar
urls[65] = file:/home/user0/.m2/repository/com/google/guava/guava/20.0/guava-20.0.jar
urls[66] = file:/home/user0/.m2/repository/org/codehaus/plexus/plexus-component-annotations/1.7.1/plexus-component-annotations-1.7.1.jar
urls[67] = file:/home/user0/.m2/repository/org/apache/maven/plugin-tools/maven-plugin-annotations/3.5.1/maven-plugin-annotations-3.5.1.jar
urls[68] = file:/home/user0/.m2/repository/org/scala-sbt/compiler-bridge_2.12/1.1.0/compiler-bridge_2.12-1.1.0.jar
urls[69] = file:/home/user0/.m2/repository/org/scala-sbt/compiler-interface/1.1.0/compiler-interface-1.1.0.jar
urls[70] = file:/home/user0/.m2/repository/org/scala-sbt/util-interface/1.1.2/util-interface-1.1.2.jar
urls[71] = file:/home/user0/.m2/repository/com/lihaoyi/upickle_2.12/0.5.1/upickle_2.12-0.5.1.jar
urls[72] = file:/home/user0/.m2/repository/com/lihaoyi/sourcecode_2.12/0.1.3/sourcecode_2.12-0.1.3.jar
urls[73] = file:/home/user0/.m2/repository/org/spire-math/jawn-parser_2.12/0.11.0/jawn-parser_2.12-0.11.0.jar
urls[74] = file:/home/user0/.m2/repository/com/carrotgarden/sjs/scala-js-junit-tools/1.0.1.20180129202557/scala-js-junit-tools-1.0.1.20180129202557.jar
urls[75] = file:/home/user0/.m2/repository/org/scala-js/scalajs-junit-test-runtime_2.12/0.6.22/scalajs-junit-test-runtime_2.12-0.6.22.jar
urls[76] = file:/home/user0/.m2/repository/org/scala-js/scalajs-test-interface_2.12/0.6.22/scalajs-test-interface_2.12-0.6.22.jar
urls[77] = file:/home/user0/.m2/repository/org/scala-js/scalajs-library_2.12/0.6.22/scalajs-library_2.12-0.6.22.jar
urls[78] = file:/home/user0/.m2/repository/org/junit/vintage/junit-vintage-engine/4.12.3/junit-vintage-engine-4.12.3.jar
urls[79] = file:/home/user0/.m2/repository/org/apiguardian/apiguardian-api/1.0.0/apiguardian-api-1.0.0.jar
urls[80] = file:/home/user0/.m2/repository/org/junit/platform/junit-platform-engine/1.0.3/junit-platform-engine-1.0.3.jar
urls[81] = file:/home/user0/.m2/repository/junit/junit/4.12/junit-4.12.jar
urls[82] = file:/home/user0/.m2/repository/org/hamcrest/hamcrest-core/1.3/hamcrest-core-1.3.jar
urls[83] = file:/home/user0/.m2/repository/org/junit/platform/junit-platform-runner/1.0.3/junit-platform-runner-1.0.3.jar
urls[84] = file:/home/user0/.m2/repository/org/junit/platform/junit-platform-launcher/1.0.3/junit-platform-launcher-1.0.3.jar
urls[85] = file:/home/user0/.m2/repository/org/junit/platform/junit-platform-suite-api/1.0.3/junit-platform-suite-api-1.0.3.jar
urls[86] = file:/home/user0/.m2/repository/com/typesafe/config/1.3.2/config-1.3.2.jar
urls[87] = file:/home/user0/.m2/repository/org/junit/jupiter/junit-jupiter-api/5.0.3/junit-jupiter-api-5.0.3.jar
urls[88] = file:/home/user0/.m2/repository/org/opentest4j/opentest4j/1.0.0/opentest4j-1.0.0.jar
urls[89] = file:/home/user0/.m2/repository/org/junit/platform/junit-platform-commons/1.0.3/junit-platform-commons-1.0.3.jar
urls[90] = file:/home/user0/.m2/repository/org/scala-lang/scala-reflect/2.12.4/scala-reflect-2.12.4.jar
urls[91] = file:/home/user0/.m2/repository/org/scala-js/scalajs-sbt-test-adapter_2.12/0.6.22/scalajs-sbt-test-adapter_2.12-0.6.22.jar
urls[92] = file:/home/user0/.m2/repository/org/scala-sbt/test-interface/1.0/test-interface-1.0.jar
urls[93] = file:/home/user0/.m2/repository/org/scala-js/scalajs-js-envs_2.12/0.6.22/scalajs-js-envs_2.12-0.6.22.jar
urls[94] = file:/home/user0/.m2/repository/io/apigee/rhino/1.7R5pre4/rhino-1.7R5pre4.jar
urls[95] = file:/home/user0/.m2/repository/org/webjars/envjs/1.2/envjs-1.2.jar
urls[96] = file:/home/user0/.m2/repository/org/junit/jupiter/junit-jupiter-engine/5.0.3/junit-jupiter-engine-5.0.3.jar
urls[97] = file:/home/user0/.m2/repository/org/scala-lang/scala-compiler/2.12.4/scala-compiler-2.12.4.jar
urls[98] = file:/home/user0/.m2/repository/org/scala-sbt/zinc_2.12/1.1.0/zinc_2.12-1.1.0.jar
urls[99] = file:/home/user0/.m2/repository/org/scala-sbt/zinc-core_2.12/1.1.0/zinc-core_2.12-1.1.0.jar
urls[100] = file:/home/user0/.m2/repository/org/scala-sbt/zinc-apiinfo_2.12/1.1.0/zinc-apiinfo_2.12-1.1.0.jar
urls[101] = file:/home/user0/.m2/repository/org/scala-sbt/zinc-classpath_2.12/1.1.0/zinc-classpath_2.12-1.1.0.jar
urls[102] = file:/home/user0/.m2/repository/org/scala-sbt/io_2.12/1.1.3/io_2.12-1.1.3.jar
urls[103] = file:/home/user0/.m2/repository/net/java/dev/jna/jna/4.5.0/jna-4.5.0.jar
urls[104] = file:/home/user0/.m2/repository/net/java/dev/jna/jna-platform/4.5.0/jna-platform-4.5.0.jar
urls[105] = file:/home/user0/.m2/repository/org/scala-sbt/util-logging_2.12/1.1.2/util-logging_2.12-1.1.2.jar
urls[106] = file:/home/user0/.m2/repository/com/eed3si9n/sjson-new-core_2.12/0.8.2/sjson-new-core_2.12-0.8.2.jar
urls[107] = file:/home/user0/.m2/repository/jline/jline/2.14.4/jline-2.14.4.jar
urls[108] = file:/home/user0/.m2/repository/org/apache/logging/log4j/log4j-api/2.8.1/log4j-api-2.8.1.jar
urls[109] = file:/home/user0/.m2/repository/org/apache/logging/log4j/log4j-core/2.8.1/log4j-core-2.8.1.jar
urls[110] = file:/home/user0/.m2/repository/com/lmax/disruptor/3.3.6/disruptor-3.3.6.jar
urls[111] = file:/home/user0/.m2/repository/com/eed3si9n/sjson-new-scalajson_2.12/0.8.2/sjson-new-scalajson_2.12-0.8.2.jar
urls[112] = file:/home/user0/.m2/repository/com/eed3si9n/shaded-scalajson_2.12/1.0.0-M4/shaded-scalajson_2.12-1.0.0-M4.jar
urls[113] = file:/home/user0/.m2/repository/org/scala-sbt/util-relation_2.12/1.1.2/util-relation_2.12-1.1.2.jar
urls[114] = file:/home/user0/.m2/repository/org/scala-sbt/zinc-persist_2.12/1.1.0/zinc-persist_2.12-1.1.0.jar
urls[115] = file:/home/user0/.m2/repository/com/trueaccord/scalapb/scalapb-runtime_2.12/0.6.0/scalapb-runtime_2.12-0.6.0.jar
urls[116] = file:/home/user0/.m2/repository/com/trueaccord/lenses/lenses_2.12/0.4.12/lenses_2.12-0.4.12.jar
urls[117] = file:/home/user0/.m2/repository/com/lihaoyi/fastparse_2.12/0.4.2/fastparse_2.12-0.4.2.jar
urls[118] = file:/home/user0/.m2/repository/com/lihaoyi/fastparse-utils_2.12/0.4.2/fastparse-utils_2.12-0.4.2.jar
urls[119] = file:/home/user0/.m2/repository/org/scala-sbt/sbinary_2.12/0.4.4/sbinary_2.12-0.4.4.jar
urls[120] = file:/home/user0/.m2/repository/org/scala-sbt/zinc-compile-core_2.12/1.1.0/zinc-compile-core_2.12-1.1.0.jar
urls[121] = file:/home/user0/.m2/repository/org/scala-sbt/launcher-interface/1.0.0/launcher-interface-1.0.0.jar
urls[122] = file:/home/user0/.m2/repository/org/scala-lang/modules/scala-parser-combinators_2.12/1.0.5/scala-parser-combinators_2.12-1.0.5.jar
urls[123] = file:/home/user0/.m2/repository/org/scala-sbt/util-control_2.12/1.1.2/util-control_2.12-1.1.2.jar
urls[124] = file:/home/user0/.m2/repository/org/scala-sbt/zinc-classfile_2.12/1.1.0/zinc-classfile_2.12-1.1.0.jar
urls[125] = file:/home/user0/.m2/repository/org/scala-sbt/zinc-ivy-integration_2.12/1.1.0/zinc-ivy-integration_2.12-1.1.0.jar
urls[126] = file:/home/user0/.m2/repository/org/scala-sbt/librarymanagement-core_2.12/1.1.2/librarymanagement-core_2.12-1.1.2.jar
urls[127] = file:/home/user0/.m2/repository/com/jcraft/jsch/0.1.46/jsch-0.1.46.jar
urls[128] = file:/home/user0/.m2/repository/com/eed3si9n/gigahorse-okhttp_2.12/0.3.0/gigahorse-okhttp_2.12-0.3.0.jar
urls[129] = file:/home/user0/.m2/repository/com/eed3si9n/gigahorse-core_2.12/0.3.0/gigahorse-core_2.12-0.3.0.jar
urls[130] = file:/home/user0/.m2/repository/com/typesafe/ssl-config-core_2.12/0.2.2/ssl-config-core_2.12-0.2.2.jar
urls[131] = file:/home/user0/.m2/repository/org/reactivestreams/reactive-streams/1.0.0/reactive-streams-1.0.0.jar
urls[132] = file:/home/user0/.m2/repository/com/squareup/okhttp3/okhttp/3.7.0/okhttp-3.7.0.jar
urls[133] = file:/home/user0/.m2/repository/com/squareup/okio/okio/1.12.0/okio-1.12.0.jar
urls[134] = file:/home/user0/.m2/repository/com/squareup/okhttp3/okhttp-urlconnection/3.7.0/okhttp-urlconnection-3.7.0.jar
urls[135] = file:/home/user0/.m2/repository/org/scala-sbt/util-position_2.12/1.1.2/util-position_2.12-1.1.2.jar
urls[136] = file:/home/user0/.m2/repository/org/scala-sbt/util-cache_2.12/1.1.2/util-cache_2.12-1.1.2.jar
urls[137] = file:/home/user0/.m2/repository/com/eed3si9n/sjson-new-murmurhash_2.12/0.8.2/sjson-new-murmurhash_2.12-0.8.2.jar
urls[138] = file:/home/user0/.m2/repository/org/twdata/maven/mojo-executor/2.3.0/mojo-executor-2.3.0.jar
urls[139] = file:/home/user0/.m2/repository/org/slf4j/slf4j-simple/1.7.22/slf4j-simple-1.7.22.jar
Number of foreign imports: 5
import: Entry[import org.sonatype.plexus.build.incremental from realm ClassRealm[plexus.core, parent: null]]
import: Entry[import org.codehaus.plexus.util.Scanner from realm ClassRealm[plexus.core, parent: null]]
import: Entry[import org.codehaus.plexus.util.DirectoryScanner from realm ClassRealm[plexus.core, parent: null]]
import: Entry[import org.codehaus.plexus.util.AbstractScanner from realm ClassRealm[plexus.core, parent: null]]
import: Entry[import  from realm ClassRealm[project>com.carrotgarden.sjs:scala-js-vue:1.0.1.ECLIPSE, parent: ClassRealm[maven.api, parent: null]]]

-----------------------------------------------------
 (com.carrotgarden.maven:scalor-maven-plugin_2.12:1.1.2.20180202171051:eclipse-restart:default:process-test-classes)

org.apache.maven.plugin.PluginExecutionException: Execution default of goal com.carrotgarden.maven:scalor-maven-plugin_2.12:1.1.2.20180202171051:eclipse-restart failed: A required class was missing while executing com.carrotgarden.maven:scalor-maven-plugin_2.12:1.1.2.20180202171051:eclipse-restart: org/eclipse/core/resources/IResourceChangeListener
-----------------------------------------------------
realm =    plugin>com.carrotgarden.maven:scalor-maven-plugin_2.12:1.1.2.20180202171051
strategy = org.codehaus.plexus.classworlds.strategy.SelfFirstStrategy
urls[0] = file:/home/user0/.m2/repository/com/carrotgarden/maven/scalor-maven-plugin_2.12/1.1.2.20180202171051/scalor-maven-plugin_2.12-1.1.2.20180202171051.jar
urls[1] = file:/home/user0/.m2/repository/org/scala-js/scalajs-cli_2.12/0.6.22/scalajs-cli_2.12-0.6.22.jar
urls[2] = file:/home/user0/.m2/repository/org/scala-lang/scala-library/2.12.4/scala-library-2.12.4.jar
urls[3] = file:/home/user0/.m2/repository/org/scala-js/scalajs-tools_2.12/0.6.22/scalajs-tools_2.12-0.6.22.jar
urls[4] = file:/home/user0/.m2/repository/org/scala-js/scalajs-ir_2.12/0.6.22/scalajs-ir_2.12-0.6.22.jar
urls[5] = file:/home/user0/.m2/repository/org/scala-js/closure-compiler-java-6/v20160517/closure-compiler-java-6-v20160517.jar
urls[6] = file:/home/user0/.m2/repository/org/scala-js/closure-compiler-externs-java-6/v20160517/closure-compiler-externs-java-6-v20160517.jar
urls[7] = file:/home/user0/.m2/repository/args4j/args4j/2.0.26/args4j-2.0.26.jar
urls[8] = file:/home/user0/.m2/repository/com/google/protobuf/protobuf-java/2.5.0/protobuf-java-2.5.0.jar
urls[9] = file:/home/user0/.m2/repository/com/google/code/gson/gson/2.2.4/gson-2.2.4.jar
urls[10] = file:/home/user0/.m2/repository/com/google/code/findbugs/jsr305/1.3.9/jsr305-1.3.9.jar
urls[11] = file:/home/user0/.m2/repository/com/googlecode/json-simple/json-simple/1.1.1/json-simple-1.1.1.jar
urls[12] = file:/home/user0/.m2/repository/com/github/scopt/scopt_2.12/3.5.0/scopt_2.12-3.5.0.jar
urls[13] = file:/home/user0/.m2/repository/com/github/klieber/phantomjs-maven-plugin/0.7/phantomjs-maven-plugin-0.7.jar
urls[14] = file:/home/user0/.m2/repository/com/github/klieber/phantomjs-maven-core/0.7/phantomjs-maven-core-0.7.jar
urls[15] = file:/home/user0/.m2/repository/org/eclipse/aether/aether-util/0.9.1.v20140329/aether-util-0.9.1.v20140329.jar
urls[16] = file:/home/user0/.m2/repository/de/schlichtherle/truezip/truezip-driver-zip/7.7.8/truezip-driver-zip-7.7.8.jar
urls[17] = file:/home/user0/.m2/repository/de/schlichtherle/truezip/truezip-swing/7.7.8/truezip-swing-7.7.8.jar
urls[18] = file:/home/user0/.m2/repository/com/google/code/findbugs/annotations/3.0.0/annotations-3.0.0.jar
urls[19] = file:/home/user0/.m2/repository/org/bouncycastle/bcprov-jdk15on/1.51/bcprov-jdk15on-1.51.jar
urls[20] = file:/home/user0/.m2/repository/de/schlichtherle/truezip/truezip-kernel/7.7.8/truezip-kernel-7.7.8.jar
urls[21] = file:/home/user0/.m2/repository/de/schlichtherle/truezip/truezip-driver-tar/7.7.8/truezip-driver-tar-7.7.8.jar
urls[22] = file:/home/user0/.m2/repository/de/schlichtherle/truezip/truezip-file/7.7.8/truezip-file-7.7.8.jar
urls[23] = file:/home/user0/.m2/repository/de/schlichtherle/truezip/truezip-driver-file/7.7.8/truezip-driver-file-7.7.8.jar
urls[24] = file:/home/user0/.m2/repository/org/scala-lang/modules/scala-xml_2.12/1.0.6/scala-xml_2.12-1.0.6.jar
urls[25] = file:/home/user0/.m2/repository/org/codehaus/plexus/plexus-utils/1.5.8/plexus-utils-1.5.8.jar
urls[26] = file:/home/user0/.m2/repository/com/carrotgarden/maven/maven-plugin-tools-annotations/1.0.20171214023519/maven-plugin-tools-annotations-1.0.20171214023519.jar
urls[27] = file:/home/user0/.m2/repository/org/apache/maven/plugin-tools/maven-plugin-tools-annotations/3.5/maven-plugin-tools-annotations-3.5.jar
urls[28] = file:/home/user0/.m2/repository/backport-util-concurrent/backport-util-concurrent/3.1/backport-util-concurrent-3.1.jar
urls[29] = file:/home/user0/.m2/repository/org/ow2/asm/asm/5.0.2/asm-5.0.2.jar
urls[30] = file:/home/user0/.m2/repository/com/thoughtworks/qdox/qdox/2.0-M4/qdox-2.0-M4.jar
urls[31] = file:/home/user0/.m2/repository/org/apache/maven/plugin-tools/maven-plugin-tools-api/3.5/maven-plugin-tools-api-3.5.jar
urls[32] = file:/home/user0/.m2/repository/org/apache/maven/plugin-tools/maven-plugin-tools-java/3.5/maven-plugin-tools-java-3.5.jar
urls[33] = file:/home/user0/.m2/repository/org/apache/maven/maven-archiver/3.2.0/maven-archiver-3.2.0.jar
urls[34] = file:/home/user0/.m2/repository/org/apache/maven/shared/maven-shared-utils/3.2.0/maven-shared-utils-3.2.0.jar
urls[35] = file:/home/user0/.m2/repository/commons-io/commons-io/2.5/commons-io-2.5.jar
urls[36] = file:/home/user0/.m2/repository/org/codehaus/plexus/plexus-archiver/3.5/plexus-archiver-3.5.jar
urls[37] = file:/home/user0/.m2/repository/org/codehaus/plexus/plexus-io/3.0.0/plexus-io-3.0.0.jar
urls[38] = file:/home/user0/.m2/repository/org/iq80/snappy/snappy/0.4/snappy-0.4.jar
urls[39] = file:/home/user0/.m2/repository/org/tukaani/xz/1.6/xz-1.6.jar
urls[40] = file:/home/user0/.m2/repository/org/codehaus/plexus/plexus-interpolation/1.22/plexus-interpolation-1.22.jar
urls[41] = file:/home/user0/.m2/repository/com/github/eirslett/frontend-maven-plugin/1.6/frontend-maven-plugin-1.6.jar
urls[42] = file:/home/user0/.m2/repository/com/github/eirslett/frontend-plugin-core/1.6/frontend-plugin-core-1.6.jar
urls[43] = file:/home/user0/.m2/repository/org/codehaus/jackson/jackson-mapper-asl/1.9.13/jackson-mapper-asl-1.9.13.jar
urls[44] = file:/home/user0/.m2/repository/org/codehaus/jackson/jackson-core-asl/1.9.13/jackson-core-asl-1.9.13.jar
urls[45] = file:/home/user0/.m2/repository/org/apache/commons/commons-exec/1.3/commons-exec-1.3.jar
urls[46] = file:/home/user0/.m2/repository/org/apache/httpcomponents/httpclient/4.5.1/httpclient-4.5.1.jar
urls[47] = file:/home/user0/.m2/repository/org/apache/httpcomponents/httpcore/4.4.3/httpcore-4.4.3.jar
urls[48] = file:/home/user0/.m2/repository/commons-logging/commons-logging/1.2/commons-logging-1.2.jar
urls[49] = file:/home/user0/.m2/repository/commons-codec/commons-codec/1.9/commons-codec-1.9.jar
urls[50] = file:/home/user0/.m2/repository/org/apache/maven/reporting/maven-reporting-api/3.0/maven-reporting-api-3.0.jar
urls[51] = file:/home/user0/.m2/repository/org/apache/maven/doxia/doxia-sink-api/1.0/doxia-sink-api-1.0.jar
urls[52] = file:/home/user0/.m2/repository/org/webjars/webjars-locator-core/0.35/webjars-locator-core-0.35.jar
urls[53] = file:/home/user0/.m2/repository/org/apache/commons/commons-lang3/3.1/commons-lang3-3.1.jar
urls[54] = file:/home/user0/.m2/repository/org/apache/commons/commons-compress/1.9/commons-compress-1.9.jar
urls[55] = file:/home/user0/.m2/repository/com/fasterxml/jackson/core/jackson-core/2.7.3/jackson-core-2.7.3.jar
urls[56] = file:/home/user0/.m2/repository/javax/enterprise/cdi-api/1.0/cdi-api-1.0.jar
urls[57] = file:/home/user0/.m2/repository/javax/annotation/jsr250-api/1.0/jsr250-api-1.0.jar
urls[58] = file:/home/user0/.m2/repository/org/sonatype/plexus/plexus-sec-dispatcher/1.4/plexus-sec-dispatcher-1.4.jar
urls[59] = file:/home/user0/.m2/repository/org/sonatype/plexus/plexus-cipher/1.4/plexus-cipher-1.4.jar
urls[60] = file:/home/user0/.m2/repository/org/apache/maven/maven-builder-support/3.5.2/maven-builder-support-3.5.2.jar
urls[61] = file:/home/user0/.m2/repository/org/apache/maven/resolver/maven-resolver-util/1.1.0/maven-resolver-util-1.1.0.jar
urls[62] = file:/home/user0/.m2/repository/org/eclipse/sisu/org.eclipse.sisu.inject/0.3.3/org.eclipse.sisu.inject-0.3.3.jar
urls[63] = file:/home/user0/.m2/repository/com/google/inject/guice/4.0/guice-4.0-no_aop.jar
urls[64] = file:/home/user0/.m2/repository/aopalliance/aopalliance/1.0/aopalliance-1.0.jar
urls[65] = file:/home/user0/.m2/repository/com/google/guava/guava/20.0/guava-20.0.jar
urls[66] = file:/home/user0/.m2/repository/org/codehaus/plexus/plexus-component-annotations/1.7.1/plexus-component-annotations-1.7.1.jar
urls[67] = file:/home/user0/.m2/repository/org/apache/maven/plugin-tools/maven-plugin-annotations/3.5.1/maven-plugin-annotations-3.5.1.jar
urls[68] = file:/home/user0/.m2/repository/org/scala-sbt/compiler-bridge_2.12/1.1.0/compiler-bridge_2.12-1.1.0.jar
urls[69] = file:/home/user0/.m2/repository/org/scala-sbt/compiler-interface/1.1.0/compiler-interface-1.1.0.jar
urls[70] = file:/home/user0/.m2/repository/org/scala-sbt/util-interface/1.1.2/util-interface-1.1.2.jar
urls[71] = file:/home/user0/.m2/repository/com/lihaoyi/upickle_2.12/0.5.1/upickle_2.12-0.5.1.jar
urls[72] = file:/home/user0/.m2/repository/com/lihaoyi/sourcecode_2.12/0.1.3/sourcecode_2.12-0.1.3.jar
urls[73] = file:/home/user0/.m2/repository/org/spire-math/jawn-parser_2.12/0.11.0/jawn-parser_2.12-0.11.0.jar
urls[74] = file:/home/user0/.m2/repository/com/carrotgarden/sjs/scala-js-junit-tools/1.0.1.20180129202557/scala-js-junit-tools-1.0.1.20180129202557.jar
urls[75] = file:/home/user0/.m2/repository/org/scala-js/scalajs-junit-test-runtime_2.12/0.6.22/scalajs-junit-test-runtime_2.12-0.6.22.jar
urls[76] = file:/home/user0/.m2/repository/org/scala-js/scalajs-test-interface_2.12/0.6.22/scalajs-test-interface_2.12-0.6.22.jar
urls[77] = file:/home/user0/.m2/repository/org/scala-js/scalajs-library_2.12/0.6.22/scalajs-library_2.12-0.6.22.jar
urls[78] = file:/home/user0/.m2/repository/org/junit/vintage/junit-vintage-engine/4.12.3/junit-vintage-engine-4.12.3.jar
urls[79] = file:/home/user0/.m2/repository/org/apiguardian/apiguardian-api/1.0.0/apiguardian-api-1.0.0.jar
urls[80] = file:/home/user0/.m2/repository/org/junit/platform/junit-platform-engine/1.0.3/junit-platform-engine-1.0.3.jar
urls[81] = file:/home/user0/.m2/repository/junit/junit/4.12/junit-4.12.jar
urls[82] = file:/home/user0/.m2/repository/org/hamcrest/hamcrest-core/1.3/hamcrest-core-1.3.jar
urls[83] = file:/home/user0/.m2/repository/org/junit/platform/junit-platform-runner/1.0.3/junit-platform-runner-1.0.3.jar
urls[84] = file:/home/user0/.m2/repository/org/junit/platform/junit-platform-launcher/1.0.3/junit-platform-launcher-1.0.3.jar
urls[85] = file:/home/user0/.m2/repository/org/junit/platform/junit-platform-suite-api/1.0.3/junit-platform-suite-api-1.0.3.jar
urls[86] = file:/home/user0/.m2/repository/com/typesafe/config/1.3.2/config-1.3.2.jar
urls[87] = file:/home/user0/.m2/repository/org/junit/jupiter/junit-jupiter-api/5.0.3/junit-jupiter-api-5.0.3.jar
urls[88] = file:/home/user0/.m2/repository/org/opentest4j/opentest4j/1.0.0/opentest4j-1.0.0.jar
urls[89] = file:/home/user0/.m2/repository/org/junit/platform/junit-platform-commons/1.0.3/junit-platform-commons-1.0.3.jar
urls[90] = file:/home/user0/.m2/repository/org/scala-lang/scala-reflect/2.12.4/scala-reflect-2.12.4.jar
urls[91] = file:/home/user0/.m2/repository/org/scala-js/scalajs-sbt-test-adapter_2.12/0.6.22/scalajs-sbt-test-adapter_2.12-0.6.22.jar
urls[92] = file:/home/user0/.m2/repository/org/scala-sbt/test-interface/1.0/test-interface-1.0.jar
urls[93] = file:/home/user0/.m2/repository/org/scala-js/scalajs-js-envs_2.12/0.6.22/scalajs-js-envs_2.12-0.6.22.jar
urls[94] = file:/home/user0/.m2/repository/io/apigee/rhino/1.7R5pre4/rhino-1.7R5pre4.jar
urls[95] = file:/home/user0/.m2/repository/org/webjars/envjs/1.2/envjs-1.2.jar
urls[96] = file:/home/user0/.m2/repository/org/junit/jupiter/junit-jupiter-engine/5.0.3/junit-jupiter-engine-5.0.3.jar
urls[97] = file:/home/user0/.m2/repository/org/scala-lang/scala-compiler/2.12.4/scala-compiler-2.12.4.jar
urls[98] = file:/home/user0/.m2/repository/org/scala-sbt/zinc_2.12/1.1.0/zinc_2.12-1.1.0.jar
urls[99] = file:/home/user0/.m2/repository/org/scala-sbt/zinc-core_2.12/1.1.0/zinc-core_2.12-1.1.0.jar
urls[100] = file:/home/user0/.m2/repository/org/scala-sbt/zinc-apiinfo_2.12/1.1.0/zinc-apiinfo_2.12-1.1.0.jar
urls[101] = file:/home/user0/.m2/repository/org/scala-sbt/zinc-classpath_2.12/1.1.0/zinc-classpath_2.12-1.1.0.jar
urls[102] = file:/home/user0/.m2/repository/org/scala-sbt/io_2.12/1.1.3/io_2.12-1.1.3.jar
urls[103] = file:/home/user0/.m2/repository/net/java/dev/jna/jna/4.5.0/jna-4.5.0.jar
urls[104] = file:/home/user0/.m2/repository/net/java/dev/jna/jna-platform/4.5.0/jna-platform-4.5.0.jar
urls[105] = file:/home/user0/.m2/repository/org/scala-sbt/util-logging_2.12/1.1.2/util-logging_2.12-1.1.2.jar
urls[106] = file:/home/user0/.m2/repository/com/eed3si9n/sjson-new-core_2.12/0.8.2/sjson-new-core_2.12-0.8.2.jar
urls[107] = file:/home/user0/.m2/repository/jline/jline/2.14.4/jline-2.14.4.jar
urls[108] = file:/home/user0/.m2/repository/org/apache/logging/log4j/log4j-api/2.8.1/log4j-api-2.8.1.jar
urls[109] = file:/home/user0/.m2/repository/org/apache/logging/log4j/log4j-core/2.8.1/log4j-core-2.8.1.jar
urls[110] = file:/home/user0/.m2/repository/com/lmax/disruptor/3.3.6/disruptor-3.3.6.jar
urls[111] = file:/home/user0/.m2/repository/com/eed3si9n/sjson-new-scalajson_2.12/0.8.2/sjson-new-scalajson_2.12-0.8.2.jar
urls[112] = file:/home/user0/.m2/repository/com/eed3si9n/shaded-scalajson_2.12/1.0.0-M4/shaded-scalajson_2.12-1.0.0-M4.jar
urls[113] = file:/home/user0/.m2/repository/org/scala-sbt/util-relation_2.12/1.1.2/util-relation_2.12-1.1.2.jar
urls[114] = file:/home/user0/.m2/repository/org/scala-sbt/zinc-persist_2.12/1.1.0/zinc-persist_2.12-1.1.0.jar
urls[115] = file:/home/user0/.m2/repository/com/trueaccord/scalapb/scalapb-runtime_2.12/0.6.0/scalapb-runtime_2.12-0.6.0.jar
urls[116] = file:/home/user0/.m2/repository/com/trueaccord/lenses/lenses_2.12/0.4.12/lenses_2.12-0.4.12.jar
urls[117] = file:/home/user0/.m2/repository/com/lihaoyi/fastparse_2.12/0.4.2/fastparse_2.12-0.4.2.jar
urls[118] = file:/home/user0/.m2/repository/com/lihaoyi/fastparse-utils_2.12/0.4.2/fastparse-utils_2.12-0.4.2.jar
urls[119] = file:/home/user0/.m2/repository/org/scala-sbt/sbinary_2.12/0.4.4/sbinary_2.12-0.4.4.jar
urls[120] = file:/home/user0/.m2/repository/org/scala-sbt/zinc-compile-core_2.12/1.1.0/zinc-compile-core_2.12-1.1.0.jar
urls[121] = file:/home/user0/.m2/repository/org/scala-sbt/launcher-interface/1.0.0/launcher-interface-1.0.0.jar
urls[122] = file:/home/user0/.m2/repository/org/scala-lang/modules/scala-parser-combinators_2.12/1.0.5/scala-parser-combinators_2.12-1.0.5.jar
urls[123] = file:/home/user0/.m2/repository/org/scala-sbt/util-control_2.12/1.1.2/util-control_2.12-1.1.2.jar
urls[124] = file:/home/user0/.m2/repository/org/scala-sbt/zinc-classfile_2.12/1.1.0/zinc-classfile_2.12-1.1.0.jar
urls[125] = file:/home/user0/.m2/repository/org/scala-sbt/zinc-ivy-integration_2.12/1.1.0/zinc-ivy-integration_2.12-1.1.0.jar
urls[126] = file:/home/user0/.m2/repository/org/scala-sbt/librarymanagement-core_2.12/1.1.2/librarymanagement-core_2.12-1.1.2.jar
urls[127] = file:/home/user0/.m2/repository/com/jcraft/jsch/0.1.46/jsch-0.1.46.jar
urls[128] = file:/home/user0/.m2/repository/com/eed3si9n/gigahorse-okhttp_2.12/0.3.0/gigahorse-okhttp_2.12-0.3.0.jar
urls[129] = file:/home/user0/.m2/repository/com/eed3si9n/gigahorse-core_2.12/0.3.0/gigahorse-core_2.12-0.3.0.jar
urls[130] = file:/home/user0/.m2/repository/com/typesafe/ssl-config-core_2.12/0.2.2/ssl-config-core_2.12-0.2.2.jar
urls[131] = file:/home/user0/.m2/repository/org/reactivestreams/reactive-streams/1.0.0/reactive-streams-1.0.0.jar
urls[132] = file:/home/user0/.m2/repository/com/squareup/okhttp3/okhttp/3.7.0/okhttp-3.7.0.jar
urls[133] = file:/home/user0/.m2/repository/com/squareup/okio/okio/1.12.0/okio-1.12.0.jar
urls[134] = file:/home/user0/.m2/repository/com/squareup/okhttp3/okhttp-urlconnection/3.7.0/okhttp-urlconnection-3.7.0.jar
urls[135] = file:/home/user0/.m2/repository/org/scala-sbt/util-position_2.12/1.1.2/util-position_2.12-1.1.2.jar
urls[136] = file:/home/user0/.m2/repository/org/scala-sbt/util-cache_2.12/1.1.2/util-cache_2.12-1.1.2.jar
urls[137] = file:/home/user0/.m2/repository/com/eed3si9n/sjson-new-murmurhash_2.12/0.8.2/sjson-new-murmurhash_2.12-0.8.2.jar
urls[138] = file:/home/user0/.m2/repository/org/twdata/maven/mojo-executor/2.3.0/mojo-executor-2.3.0.jar
urls[139] = file:/home/user0/.m2/repository/org/slf4j/slf4j-simple/1.7.22/slf4j-simple-1.7.22.jar
Number of foreign imports: 5
import: Entry[import org.sonatype.plexus.build.incremental from realm ClassRealm[plexus.core, parent: null]]
import: Entry[import org.codehaus.plexus.util.Scanner from realm ClassRealm[plexus.core, parent: null]]
import: Entry[import org.codehaus.plexus.util.DirectoryScanner from realm ClassRealm[plexus.core, parent: null]]
import: Entry[import org.codehaus.plexus.util.AbstractScanner from realm ClassRealm[plexus.core, parent: null]]
import: Entry[import  from realm ClassRealm[project>com.carrotgarden.sjs:scala-js-vue:1.0.1.ECLIPSE, parent: ClassRealm[maven.api, parent: null]]]

-----------------------------------------------------

    at org.apache.maven.plugin.DefaultBuildPluginManager.executeMojo(DefaultBuildPluginManager.java:168)
    at org.eclipse.m2e.core.internal.embedder.MavenImpl.execute(MavenImpl.java:331)
    at org.eclipse.m2e.core.internal.embedder.MavenImpl$11.call(MavenImpl.java:1362)
    at org.eclipse.m2e.core.internal.embedder.MavenImpl$11.call(MavenImpl.java:1)
    at org.eclipse.m2e.core.internal.embedder.MavenExecutionContext.executeBare(MavenExecutionContext.java:177)
    at org.eclipse.m2e.core.internal.embedder.MavenExecutionContext.execute(MavenExecutionContext.java:112)
    at org.eclipse.m2e.core.internal.embedder.MavenImpl.execute(MavenImpl.java:1360)
    at org.eclipse.m2e.core.project.configurator.MojoExecutionBuildParticipant.build(MojoExecutionBuildParticipant.java:52)
    at com.carrotgarden.maven.scalor.eclipse.Build$Participant.build(Build.scala:61)
    at org.eclipse.m2e.core.internal.builder.MavenBuilderImpl.build(MavenBuilderImpl.java:137)
    at org.eclipse.m2e.core.internal.builder.MavenBuilder$1.method(MavenBuilder.java:172)
    at org.eclipse.m2e.core.internal.builder.MavenBuilder$1.method(MavenBuilder.java:1)
    at org.eclipse.m2e.core.internal.builder.MavenBuilder$BuildMethod$1$1.call(MavenBuilder.java:115)
    at org.eclipse.m2e.core.internal.embedder.MavenExecutionContext.executeBare(MavenExecutionContext.java:177)
    at org.eclipse.m2e.core.internal.embedder.MavenExecutionContext.execute(MavenExecutionContext.java:112)
    at org.eclipse.m2e.core.internal.builder.MavenBuilder$BuildMethod$1.call(MavenBuilder.java:105)
    at org.eclipse.m2e.core.internal.embedder.MavenExecutionContext.executeBare(MavenExecutionContext.java:177)
    at org.eclipse.m2e.core.internal.embedder.MavenExecutionContext.execute(MavenExecutionContext.java:151)
    at org.eclipse.m2e.core.internal.embedder.MavenExecutionContext.execute(MavenExecutionContext.java:99)
    at org.eclipse.m2e.core.internal.builder.MavenBuilder$BuildMethod.execute(MavenBuilder.java:86)
    at org.eclipse.m2e.core.internal.builder.MavenBuilder.build(MavenBuilder.java:200)
    at org.eclipse.core.internal.events.BuildManager$2.run(BuildManager.java:735)
    at org.eclipse.core.runtime.SafeRunner.run(SafeRunner.java:42)
    at org.eclipse.core.internal.events.BuildManager.basicBuild(BuildManager.java:206)
    at org.eclipse.core.internal.events.BuildManager.basicBuild(BuildManager.java:246)
    at org.eclipse.core.internal.events.BuildManager$1.run(BuildManager.java:301)
    at org.eclipse.core.runtime.SafeRunner.run(SafeRunner.java:42)
    at org.eclipse.core.internal.events.BuildManager.basicBuild(BuildManager.java:304)
    at org.eclipse.core.internal.events.BuildManager.basicBuildLoop(BuildManager.java:360)
    at org.eclipse.core.internal.events.BuildManager.build(BuildManager.java:383)
    at org.eclipse.core.internal.events.AutoBuildJob.doBuild(AutoBuildJob.java:142)
    at org.eclipse.core.internal.events.AutoBuildJob.run(AutoBuildJob.java:232)
    at org.eclipse.core.internal.jobs.Worker.run(Worker.java:56)
Caused by: org.apache.maven.plugin.PluginContainerException: A required class was missing while executing com.carrotgarden.maven:scalor-maven-plugin_2.12:1.1.2.20180202171051:eclipse-restart: org/eclipse/core/resources/IResourceChangeListener
-----------------------------------------------------
realm =    plugin>com.carrotgarden.maven:scalor-maven-plugin_2.12:1.1.2.20180202171051
strategy = org.codehaus.plexus.classworlds.strategy.SelfFirstStrategy
urls[0] = file:/home/user0/.m2/repository/com/carrotgarden/maven/scalor-maven-plugin_2.12/1.1.2.20180202171051/scalor-maven-plugin_2.12-1.1.2.20180202171051.jar
urls[1] = file:/home/user0/.m2/repository/org/scala-js/scalajs-cli_2.12/0.6.22/scalajs-cli_2.12-0.6.22.jar
urls[2] = file:/home/user0/.m2/repository/org/scala-lang/scala-library/2.12.4/scala-library-2.12.4.jar
urls[3] = file:/home/user0/.m2/repository/org/scala-js/scalajs-tools_2.12/0.6.22/scalajs-tools_2.12-0.6.22.jar
urls[4] = file:/home/user0/.m2/repository/org/scala-js/scalajs-ir_2.12/0.6.22/scalajs-ir_2.12-0.6.22.jar
urls[5] = file:/home/user0/.m2/repository/org/scala-js/closure-compiler-java-6/v20160517/closure-compiler-java-6-v20160517.jar
urls[6] = file:/home/user0/.m2/repository/org/scala-js/closure-compiler-externs-java-6/v20160517/closure-compiler-externs-java-6-v20160517.jar
urls[7] = file:/home/user0/.m2/repository/args4j/args4j/2.0.26/args4j-2.0.26.jar
urls[8] = file:/home/user0/.m2/repository/com/google/protobuf/protobuf-java/2.5.0/protobuf-java-2.5.0.jar
urls[9] = file:/home/user0/.m2/repository/com/google/code/gson/gson/2.2.4/gson-2.2.4.jar
urls[10] = file:/home/user0/.m2/repository/com/google/code/findbugs/jsr305/1.3.9/jsr305-1.3.9.jar
urls[11] = file:/home/user0/.m2/repository/com/googlecode/json-simple/json-simple/1.1.1/json-simple-1.1.1.jar
urls[12] = file:/home/user0/.m2/repository/com/github/scopt/scopt_2.12/3.5.0/scopt_2.12-3.5.0.jar
urls[13] = file:/home/user0/.m2/repository/com/github/klieber/phantomjs-maven-plugin/0.7/phantomjs-maven-plugin-0.7.jar
urls[14] = file:/home/user0/.m2/repository/com/github/klieber/phantomjs-maven-core/0.7/phantomjs-maven-core-0.7.jar
urls[15] = file:/home/user0/.m2/repository/org/eclipse/aether/aether-util/0.9.1.v20140329/aether-util-0.9.1.v20140329.jar
urls[16] = file:/home/user0/.m2/repository/de/schlichtherle/truezip/truezip-driver-zip/7.7.8/truezip-driver-zip-7.7.8.jar
urls[17] = file:/home/user0/.m2/repository/de/schlichtherle/truezip/truezip-swing/7.7.8/truezip-swing-7.7.8.jar
urls[18] = file:/home/user0/.m2/repository/com/google/code/findbugs/annotations/3.0.0/annotations-3.0.0.jar
urls[19] = file:/home/user0/.m2/repository/org/bouncycastle/bcprov-jdk15on/1.51/bcprov-jdk15on-1.51.jar
urls[20] = file:/home/user0/.m2/repository/de/schlichtherle/truezip/truezip-kernel/7.7.8/truezip-kernel-7.7.8.jar
urls[21] = file:/home/user0/.m2/repository/de/schlichtherle/truezip/truezip-driver-tar/7.7.8/truezip-driver-tar-7.7.8.jar
urls[22] = file:/home/user0/.m2/repository/de/schlichtherle/truezip/truezip-file/7.7.8/truezip-file-7.7.8.jar
urls[23] = file:/home/user0/.m2/repository/de/schlichtherle/truezip/truezip-driver-file/7.7.8/truezip-driver-file-7.7.8.jar
urls[24] = file:/home/user0/.m2/repository/org/scala-lang/modules/scala-xml_2.12/1.0.6/scala-xml_2.12-1.0.6.jar
urls[25] = file:/home/user0/.m2/repository/org/codehaus/plexus/plexus-utils/1.5.8/plexus-utils-1.5.8.jar
urls[26] = file:/home/user0/.m2/repository/com/carrotgarden/maven/maven-plugin-tools-annotations/1.0.20171214023519/maven-plugin-tools-annotations-1.0.20171214023519.jar
urls[27] = file:/home/user0/.m2/repository/org/apache/maven/plugin-tools/maven-plugin-tools-annotations/3.5/maven-plugin-tools-annotations-3.5.jar
urls[28] = file:/home/user0/.m2/repository/backport-util-concurrent/backport-util-concurrent/3.1/backport-util-concurrent-3.1.jar
urls[29] = file:/home/user0/.m2/repository/org/ow2/asm/asm/5.0.2/asm-5.0.2.jar
urls[30] = file:/home/user0/.m2/repository/com/thoughtworks/qdox/qdox/2.0-M4/qdox-2.0-M4.jar
urls[31] = file:/home/user0/.m2/repository/org/apache/maven/plugin-tools/maven-plugin-tools-api/3.5/maven-plugin-tools-api-3.5.jar
urls[32] = file:/home/user0/.m2/repository/org/apache/maven/plugin-tools/maven-plugin-tools-java/3.5/maven-plugin-tools-java-3.5.jar
urls[33] = file:/home/user0/.m2/repository/org/apache/maven/maven-archiver/3.2.0/maven-archiver-3.2.0.jar
urls[34] = file:/home/user0/.m2/repository/org/apache/maven/shared/maven-shared-utils/3.2.0/maven-shared-utils-3.2.0.jar
urls[35] = file:/home/user0/.m2/repository/commons-io/commons-io/2.5/commons-io-2.5.jar
urls[36] = file:/home/user0/.m2/repository/org/codehaus/plexus/plexus-archiver/3.5/plexus-archiver-3.5.jar
urls[37] = file:/home/user0/.m2/repository/org/codehaus/plexus/plexus-io/3.0.0/plexus-io-3.0.0.jar
urls[38] = file:/home/user0/.m2/repository/org/iq80/snappy/snappy/0.4/snappy-0.4.jar
urls[39] = file:/home/user0/.m2/repository/org/tukaani/xz/1.6/xz-1.6.jar
urls[40] = file:/home/user0/.m2/repository/org/codehaus/plexus/plexus-interpolation/1.22/plexus-interpolation-1.22.jar
urls[41] = file:/home/user0/.m2/repository/com/github/eirslett/frontend-maven-plugin/1.6/frontend-maven-plugin-1.6.jar
urls[42] = file:/home/user0/.m2/repository/com/github/eirslett/frontend-plugin-core/1.6/frontend-plugin-core-1.6.jar
urls[43] = file:/home/user0/.m2/repository/org/codehaus/jackson/jackson-mapper-asl/1.9.13/jackson-mapper-asl-1.9.13.jar
urls[44] = file:/home/user0/.m2/repository/org/codehaus/jackson/jackson-core-asl/1.9.13/jackson-core-asl-1.9.13.jar
urls[45] = file:/home/user0/.m2/repository/org/apache/commons/commons-exec/1.3/commons-exec-1.3.jar
urls[46] = file:/home/user0/.m2/repository/org/apache/httpcomponents/httpclient/4.5.1/httpclient-4.5.1.jar
urls[47] = file:/home/user0/.m2/repository/org/apache/httpcomponents/httpcore/4.4.3/httpcore-4.4.3.jar
urls[48] = file:/home/user0/.m2/repository/commons-logging/commons-logging/1.2/commons-logging-1.2.jar
urls[49] = file:/home/user0/.m2/repository/commons-codec/commons-codec/1.9/commons-codec-1.9.jar
urls[50] = file:/home/user0/.m2/repository/org/apache/maven/reporting/maven-reporting-api/3.0/maven-reporting-api-3.0.jar
urls[51] = file:/home/user0/.m2/repository/org/apache/maven/doxia/doxia-sink-api/1.0/doxia-sink-api-1.0.jar
urls[52] = file:/home/user0/.m2/repository/org/webjars/webjars-locator-core/0.35/webjars-locator-core-0.35.jar
urls[53] = file:/home/user0/.m2/repository/org/apache/commons/commons-lang3/3.1/commons-lang3-3.1.jar
urls[54] = file:/home/user0/.m2/repository/org/apache/commons/commons-compress/1.9/commons-compress-1.9.jar
urls[55] = file:/home/user0/.m2/repository/com/fasterxml/jackson/core/jackson-core/2.7.3/jackson-core-2.7.3.jar
urls[56] = file:/home/user0/.m2/repository/javax/enterprise/cdi-api/1.0/cdi-api-1.0.jar
urls[57] = file:/home/user0/.m2/repository/javax/annotation/jsr250-api/1.0/jsr250-api-1.0.jar
urls[58] = file:/home/user0/.m2/repository/org/sonatype/plexus/plexus-sec-dispatcher/1.4/plexus-sec-dispatcher-1.4.jar
urls[59] = file:/home/user0/.m2/repository/org/sonatype/plexus/plexus-cipher/1.4/plexus-cipher-1.4.jar
urls[60] = file:/home/user0/.m2/repository/org/apache/maven/maven-builder-support/3.5.2/maven-builder-support-3.5.2.jar
urls[61] = file:/home/user0/.m2/repository/org/apache/maven/resolver/maven-resolver-util/1.1.0/maven-resolver-util-1.1.0.jar
urls[62] = file:/home/user0/.m2/repository/org/eclipse/sisu/org.eclipse.sisu.inject/0.3.3/org.eclipse.sisu.inject-0.3.3.jar
urls[63] = file:/home/user0/.m2/repository/com/google/inject/guice/4.0/guice-4.0-no_aop.jar
urls[64] = file:/home/user0/.m2/repository/aopalliance/aopalliance/1.0/aopalliance-1.0.jar
urls[65] = file:/home/user0/.m2/repository/com/google/guava/guava/20.0/guava-20.0.jar
urls[66] = file:/home/user0/.m2/repository/org/codehaus/plexus/plexus-component-annotations/1.7.1/plexus-component-annotations-1.7.1.jar
urls[67] = file:/home/user0/.m2/repository/org/apache/maven/plugin-tools/maven-plugin-annotations/3.5.1/maven-plugin-annotations-3.5.1.jar
urls[68] = file:/home/user0/.m2/repository/org/scala-sbt/compiler-bridge_2.12/1.1.0/compiler-bridge_2.12-1.1.0.jar
urls[69] = file:/home/user0/.m2/repository/org/scala-sbt/compiler-interface/1.1.0/compiler-interface-1.1.0.jar
urls[70] = file:/home/user0/.m2/repository/org/scala-sbt/util-interface/1.1.2/util-interface-1.1.2.jar
urls[71] = file:/home/user0/.m2/repository/com/lihaoyi/upickle_2.12/0.5.1/upickle_2.12-0.5.1.jar
urls[72] = file:/home/user0/.m2/repository/com/lihaoyi/sourcecode_2.12/0.1.3/sourcecode_2.12-0.1.3.jar
urls[73] = file:/home/user0/.m2/repository/org/spire-math/jawn-parser_2.12/0.11.0/jawn-parser_2.12-0.11.0.jar
urls[74] = file:/home/user0/.m2/repository/com/carrotgarden/sjs/scala-js-junit-tools/1.0.1.20180129202557/scala-js-junit-tools-1.0.1.20180129202557.jar
urls[75] = file:/home/user0/.m2/repository/org/scala-js/scalajs-junit-test-runtime_2.12/0.6.22/scalajs-junit-test-runtime_2.12-0.6.22.jar
urls[76] = file:/home/user0/.m2/repository/org/scala-js/scalajs-test-interface_2.12/0.6.22/scalajs-test-interface_2.12-0.6.22.jar
urls[77] = file:/home/user0/.m2/repository/org/scala-js/scalajs-library_2.12/0.6.22/scalajs-library_2.12-0.6.22.jar
urls[78] = file:/home/user0/.m2/repository/org/junit/vintage/junit-vintage-engine/4.12.3/junit-vintage-engine-4.12.3.jar
urls[79] = file:/home/user0/.m2/repository/org/apiguardian/apiguardian-api/1.0.0/apiguardian-api-1.0.0.jar
urls[80] = file:/home/user0/.m2/repository/org/junit/platform/junit-platform-engine/1.0.3/junit-platform-engine-1.0.3.jar
urls[81] = file:/home/user0/.m2/repository/junit/junit/4.12/junit-4.12.jar
urls[82] = file:/home/user0/.m2/repository/org/hamcrest/hamcrest-core/1.3/hamcrest-core-1.3.jar
urls[83] = file:/home/user0/.m2/repository/org/junit/platform/junit-platform-runner/1.0.3/junit-platform-runner-1.0.3.jar
urls[84] = file:/home/user0/.m2/repository/org/junit/platform/junit-platform-launcher/1.0.3/junit-platform-launcher-1.0.3.jar
urls[85] = file:/home/user0/.m2/repository/org/junit/platform/junit-platform-suite-api/1.0.3/junit-platform-suite-api-1.0.3.jar
urls[86] = file:/home/user0/.m2/repository/com/typesafe/config/1.3.2/config-1.3.2.jar
urls[87] = file:/home/user0/.m2/repository/org/junit/jupiter/junit-jupiter-api/5.0.3/junit-jupiter-api-5.0.3.jar
urls[88] = file:/home/user0/.m2/repository/org/opentest4j/opentest4j/1.0.0/opentest4j-1.0.0.jar
urls[89] = file:/home/user0/.m2/repository/org/junit/platform/junit-platform-commons/1.0.3/junit-platform-commons-1.0.3.jar
urls[90] = file:/home/user0/.m2/repository/org/scala-lang/scala-reflect/2.12.4/scala-reflect-2.12.4.jar
urls[91] = file:/home/user0/.m2/repository/org/scala-js/scalajs-sbt-test-adapter_2.12/0.6.22/scalajs-sbt-test-adapter_2.12-0.6.22.jar
urls[92] = file:/home/user0/.m2/repository/org/scala-sbt/test-interface/1.0/test-interface-1.0.jar
urls[93] = file:/home/user0/.m2/repository/org/scala-js/scalajs-js-envs_2.12/0.6.22/scalajs-js-envs_2.12-0.6.22.jar
urls[94] = file:/home/user0/.m2/repository/io/apigee/rhino/1.7R5pre4/rhino-1.7R5pre4.jar
urls[95] = file:/home/user0/.m2/repository/org/webjars/envjs/1.2/envjs-1.2.jar
urls[96] = file:/home/user0/.m2/repository/org/junit/jupiter/junit-jupiter-engine/5.0.3/junit-jupiter-engine-5.0.3.jar
urls[97] = file:/home/user0/.m2/repository/org/scala-lang/scala-compiler/2.12.4/scala-compiler-2.12.4.jar
urls[98] = file:/home/user0/.m2/repository/org/scala-sbt/zinc_2.12/1.1.0/zinc_2.12-1.1.0.jar
urls[99] = file:/home/user0/.m2/repository/org/scala-sbt/zinc-core_2.12/1.1.0/zinc-core_2.12-1.1.0.jar
urls[100] = file:/home/user0/.m2/repository/org/scala-sbt/zinc-apiinfo_2.12/1.1.0/zinc-apiinfo_2.12-1.1.0.jar
urls[101] = file:/home/user0/.m2/repository/org/scala-sbt/zinc-classpath_2.12/1.1.0/zinc-classpath_2.12-1.1.0.jar
urls[102] = file:/home/user0/.m2/repository/org/scala-sbt/io_2.12/1.1.3/io_2.12-1.1.3.jar
urls[103] = file:/home/user0/.m2/repository/net/java/dev/jna/jna/4.5.0/jna-4.5.0.jar
urls[104] = file:/home/user0/.m2/repository/net/java/dev/jna/jna-platform/4.5.0/jna-platform-4.5.0.jar
urls[105] = file:/home/user0/.m2/repository/org/scala-sbt/util-logging_2.12/1.1.2/util-logging_2.12-1.1.2.jar
urls[106] = file:/home/user0/.m2/repository/com/eed3si9n/sjson-new-core_2.12/0.8.2/sjson-new-core_2.12-0.8.2.jar
urls[107] = file:/home/user0/.m2/repository/jline/jline/2.14.4/jline-2.14.4.jar
urls[108] = file:/home/user0/.m2/repository/org/apache/logging/log4j/log4j-api/2.8.1/log4j-api-2.8.1.jar
urls[109] = file:/home/user0/.m2/repository/org/apache/logging/log4j/log4j-core/2.8.1/log4j-core-2.8.1.jar
urls[110] = file:/home/user0/.m2/repository/com/lmax/disruptor/3.3.6/disruptor-3.3.6.jar
urls[111] = file:/home/user0/.m2/repository/com/eed3si9n/sjson-new-scalajson_2.12/0.8.2/sjson-new-scalajson_2.12-0.8.2.jar
urls[112] = file:/home/user0/.m2/repository/com/eed3si9n/shaded-scalajson_2.12/1.0.0-M4/shaded-scalajson_2.12-1.0.0-M4.jar
urls[113] = file:/home/user0/.m2/repository/org/scala-sbt/util-relation_2.12/1.1.2/util-relation_2.12-1.1.2.jar
urls[114] = file:/home/user0/.m2/repository/org/scala-sbt/zinc-persist_2.12/1.1.0/zinc-persist_2.12-1.1.0.jar
urls[115] = file:/home/user0/.m2/repository/com/trueaccord/scalapb/scalapb-runtime_2.12/0.6.0/scalapb-runtime_2.12-0.6.0.jar
urls[116] = file:/home/user0/.m2/repository/com/trueaccord/lenses/lenses_2.12/0.4.12/lenses_2.12-0.4.12.jar
urls[117] = file:/home/user0/.m2/repository/com/lihaoyi/fastparse_2.12/0.4.2/fastparse_2.12-0.4.2.jar
urls[118] = file:/home/user0/.m2/repository/com/lihaoyi/fastparse-utils_2.12/0.4.2/fastparse-utils_2.12-0.4.2.jar
urls[119] = file:/home/user0/.m2/repository/org/scala-sbt/sbinary_2.12/0.4.4/sbinary_2.12-0.4.4.jar
urls[120] = file:/home/user0/.m2/repository/org/scala-sbt/zinc-compile-core_2.12/1.1.0/zinc-compile-core_2.12-1.1.0.jar
urls[121] = file:/home/user0/.m2/repository/org/scala-sbt/launcher-interface/1.0.0/launcher-interface-1.0.0.jar
urls[122] = file:/home/user0/.m2/repository/org/scala-lang/modules/scala-parser-combinators_2.12/1.0.5/scala-parser-combinators_2.12-1.0.5.jar
urls[123] = file:/home/user0/.m2/repository/org/scala-sbt/util-control_2.12/1.1.2/util-control_2.12-1.1.2.jar
urls[124] = file:/home/user0/.m2/repository/org/scala-sbt/zinc-classfile_2.12/1.1.0/zinc-classfile_2.12-1.1.0.jar
urls[125] = file:/home/user0/.m2/repository/org/scala-sbt/zinc-ivy-integration_2.12/1.1.0/zinc-ivy-integration_2.12-1.1.0.jar
urls[126] = file:/home/user0/.m2/repository/org/scala-sbt/librarymanagement-core_2.12/1.1.2/librarymanagement-core_2.12-1.1.2.jar
urls[127] = file:/home/user0/.m2/repository/com/jcraft/jsch/0.1.46/jsch-0.1.46.jar
urls[128] = file:/home/user0/.m2/repository/com/eed3si9n/gigahorse-okhttp_2.12/0.3.0/gigahorse-okhttp_2.12-0.3.0.jar
urls[129] = file:/home/user0/.m2/repository/com/eed3si9n/gigahorse-core_2.12/0.3.0/gigahorse-core_2.12-0.3.0.jar
urls[130] = file:/home/user0/.m2/repository/com/typesafe/ssl-config-core_2.12/0.2.2/ssl-config-core_2.12-0.2.2.jar
urls[131] = file:/home/user0/.m2/repository/org/reactivestreams/reactive-streams/1.0.0/reactive-streams-1.0.0.jar
urls[132] = file:/home/user0/.m2/repository/com/squareup/okhttp3/okhttp/3.7.0/okhttp-3.7.0.jar
urls[133] = file:/home/user0/.m2/repository/com/squareup/okio/okio/1.12.0/okio-1.12.0.jar
urls[134] = file:/home/user0/.m2/repository/com/squareup/okhttp3/okhttp-urlconnection/3.7.0/okhttp-urlconnection-3.7.0.jar
urls[135] = file:/home/user0/.m2/repository/org/scala-sbt/util-position_2.12/1.1.2/util-position_2.12-1.1.2.jar
urls[136] = file:/home/user0/.m2/repository/org/scala-sbt/util-cache_2.12/1.1.2/util-cache_2.12-1.1.2.jar
urls[137] = file:/home/user0/.m2/repository/com/eed3si9n/sjson-new-murmurhash_2.12/0.8.2/sjson-new-murmurhash_2.12-0.8.2.jar
urls[138] = file:/home/user0/.m2/repository/org/twdata/maven/mojo-executor/2.3.0/mojo-executor-2.3.0.jar
urls[139] = file:/home/user0/.m2/repository/org/slf4j/slf4j-simple/1.7.22/slf4j-simple-1.7.22.jar
Number of foreign imports: 5
import: Entry[import org.sonatype.plexus.build.incremental from realm ClassRealm[plexus.core, parent: null]]
import: Entry[import org.codehaus.plexus.util.Scanner from realm ClassRealm[plexus.core, parent: null]]
import: Entry[import org.codehaus.plexus.util.DirectoryScanner from realm ClassRealm[plexus.core, parent: null]]
import: Entry[import org.codehaus.plexus.util.AbstractScanner from realm ClassRealm[plexus.core, parent: null]]
import: Entry[import  from realm ClassRealm[project>com.carrotgarden.sjs:scala-js-vue:1.0.1.ECLIPSE, parent: ClassRealm[maven.api, parent: null]]]

-----------------------------------------------------

    at org.apache.maven.plugin.DefaultBuildPluginManager.executeMojo(DefaultBuildPluginManager.java:166)
    ... 32 more
Caused by: java.lang.NoClassDefFoundError: org/eclipse/core/resources/IResourceChangeListener
    at java.lang.ClassLoader.defineClass1(Native Method)
    at java.lang.ClassLoader.defineClass(ClassLoader.java:763)
    at java.security.SecureClassLoader.defineClass(SecureClassLoader.java:142)
    at java.net.URLClassLoader.defineClass(URLClassLoader.java:467)
    at java.net.URLClassLoader.access$100(URLClassLoader.java:73)
    at java.net.URLClassLoader$1.run(URLClassLoader.java:368)
    at java.net.URLClassLoader$1.run(URLClassLoader.java:362)
    at java.security.AccessController.doPrivileged(Native Method)
    at java.net.URLClassLoader.findClass(URLClassLoader.java:361)
    at org.codehaus.plexus.classworlds.realm.ClassRealm.loadClassFromSelf(ClassRealm.java:401)
    at org.codehaus.plexus.classworlds.strategy.SelfFirstStrategy.loadClass(SelfFirstStrategy.java:42)
    at org.codehaus.plexus.classworlds.realm.ClassRealm.unsynchronizedLoadClass(ClassRealm.java:271)
    at org.codehaus.plexus.classworlds.realm.ClassRealm.loadClass(ClassRealm.java:247)
    at org.codehaus.plexus.classworlds.realm.ClassRealm.loadClass(ClassRealm.java:239)
    at java.lang.Class.getDeclaredMethods0(Native Method)
    at java.lang.Class.privateGetDeclaredMethods(Class.java:2701)
    at java.lang.Class.getDeclaredMethods(Class.java:1975)
    at com.google.inject.spi.InjectionPoint.getInjectionPoints(InjectionPoint.java:688)
    at com.google.inject.spi.InjectionPoint.forInstanceMethodsAndFields(InjectionPoint.java:380)
    at com.google.inject.internal.ConstructorBindingImpl.getInternalDependencies(ConstructorBindingImpl.java:164)
    at com.google.inject.internal.InjectorImpl.getInternalDependencies(InjectorImpl.java:613)
    at com.google.inject.internal.InjectorImpl.cleanup(InjectorImpl.java:569)
    at com.google.inject.internal.InjectorImpl.initializeJitBinding(InjectorImpl.java:555)
    at com.google.inject.internal.InjectorImpl.createJustInTimeBinding(InjectorImpl.java:884)
    at com.google.inject.internal.InjectorImpl.createJustInTimeBindingRecursive(InjectorImpl.java:805)
    at com.google.inject.internal.InjectorImpl.getJustInTimeBinding(InjectorImpl.java:282)
    at com.google.inject.internal.InjectorImpl.getBindingOrThrow(InjectorImpl.java:214)
    at com.google.inject.internal.InjectorImpl.getProviderOrThrow(InjectorImpl.java:1006)
    at com.google.inject.internal.InjectorImpl.getProvider(InjectorImpl.java:1038)
    at com.google.inject.internal.InjectorImpl.getProvider(InjectorImpl.java:1001)
    at com.google.inject.internal.InjectorImpl.getInstance(InjectorImpl.java:1051)
    at org.eclipse.sisu.space.AbstractDeferredClass.get(AbstractDeferredClass.java:48)
    at com.google.inject.internal.ProviderInternalFactory.provision(ProviderInternalFactory.java:81)
    at com.google.inject.internal.InternalFactoryToInitializableAdapter.provision(InternalFactoryToInitializableAdapter.java:53)
    at com.google.inject.internal.ProviderInternalFactory$1.call(ProviderInternalFactory.java:65)
    at com.google.inject.internal.ProvisionListenerStackCallback$Provision.provision(ProvisionListenerStackCallback.java:115)
    at com.google.inject.internal.ProvisionListenerStackCallback$Provision.provision(ProvisionListenerStackCallback.java:133)
    at com.google.inject.internal.ProvisionListenerStackCallback.provision(ProvisionListenerStackCallback.java:68)
    at com.google.inject.internal.ProviderInternalFactory.circularGet(ProviderInternalFactory.java:63)
    at com.google.inject.internal.InternalFactoryToInitializableAdapter.get(InternalFactoryToInitializableAdapter.java:45)
    at com.google.inject.internal.InjectorImpl$2$1.call(InjectorImpl.java:1016)
    at com.google.inject.internal.InjectorImpl.callInContext(InjectorImpl.java:1092)
    at com.google.inject.internal.InjectorImpl$2.get(InjectorImpl.java:1012)
    at org.eclipse.sisu.inject.Guice4$1.get(Guice4.java:162)
    at org.eclipse.sisu.inject.LazyBeanEntry.getValue(LazyBeanEntry.java:81)
    at org.eclipse.sisu.plexus.LazyPlexusBean.getValue(LazyPlexusBean.java:51)
    at org.codehaus.plexus.DefaultPlexusContainer.lookup(DefaultPlexusContainer.java:263)
    at org.codehaus.plexus.DefaultPlexusContainer.lookup(DefaultPlexusContainer.java:255)
    at org.apache.maven.plugin.internal.DefaultMavenPluginManager.getConfiguredMojo(DefaultMavenPluginManager.java:519)
    at org.apache.maven.plugin.DefaultBuildPluginManager.executeMojo(DefaultBuildPluginManager.java:121)
    ... 32 more
Caused by: java.lang.ClassNotFoundException: org.eclipse.core.resources.IResourceChangeListener
    at org.codehaus.plexus.classworlds.strategy.SelfFirstStrategy.loadClass(SelfFirstStrategy.java:50)
    at org.codehaus.plexus.classworlds.realm.ClassRealm.unsynchronizedLoadClass(ClassRealm.java:271)
    at org.codehaus.plexus.classworlds.realm.ClassRealm.loadClass(ClassRealm.java:247)
    at org.codehaus.plexus.classworlds.realm.ClassRealm.loadClass(ClassRealm.java:239)
    ... 82 more
    pom.xml line 6  /scala-js-vue-demo-server   Maven Build Problem

    