scala.MatchError: (register-main,BuildParam(buildMainSourceJavaFolders,buildMainSourceScalaFolders,buildMainTargetFolder)) (of class scala.Tuple2)
    at com.carrotgarden.maven.scalor.EclipseConfigurator.$anonfun$configureExecution$1(EclipsePlugin.scala:347)
    at com.carrotgarden.maven.scalor.EclipseConfigurator.$anonfun$configureExecution$1$adapted(EclipsePlugin.scala:347)
    at scala.collection.immutable.Map$Map4.foreach(Map.scala:210)
    at com.carrotgarden.maven.scalor.EclipseConfigurator.configureExecution(EclipsePlugin.scala:347)
    at com.carrotgarden.maven.scalor.EclipseConfigurator.$anonfun$configureRawClasspath$2(EclipsePlugin.scala:390)
    at com.carrotgarden.maven.scalor.EclipseConfigurator.$anonfun$configureRawClasspath$2$adapted(EclipsePlugin.scala:389)
    at scala.collection.Iterator.foreach(Iterator.scala:929)
    at scala.collection.Iterator.foreach$(Iterator.scala:929)
    at scala.collection.AbstractIterator.foreach(Iterator.scala:1417)
    at scala.collection.IterableLike.foreach(IterableLike.scala:71)
    at scala.collection.IterableLike.foreach$(IterableLike.scala:70)
    at scala.collection.AbstractIterable.foreach(Iterable.scala:54)
    at com.carrotgarden.maven.scalor.EclipseConfigurator.$anonfun$configureRawClasspath$1(EclipsePlugin.scala:389)
    at scala.runtime.java8.JFunction0$mcV$sp.apply(JFunction0$mcV$sp.java:12)
    at com.carrotgarden.maven.scalor.EclipsePlugin.tryCore(EclipsePlugin.scala:227)
    at com.carrotgarden.maven.scalor.EclipseConfigurator.configureRawClasspath(EclipsePlugin.scala:385)
    at org.eclipse.m2e.jdt.internal.AbstractJavaProjectConfigurator.invokeJavaProjectConfigurators(AbstractJavaProjectConfigurator.java:180)
    at org.eclipse.m2e.jdt.internal.AbstractJavaProjectConfigurator.configure(AbstractJavaProjectConfigurator.java:136)
    at org.eclipse.m2e.core.project.configurator.AbstractLifecycleMapping.configure(AbstractLifecycleMapping.java:120)
    at org.eclipse.m2e.core.internal.project.ProjectConfigurationManager$3.call(ProjectConfigurationManager.java:508)
    at org.eclipse.m2e.core.internal.project.ProjectConfigurationManager$3.call(ProjectConfigurationManager.java:1)
    at org.eclipse.m2e.core.internal.embedder.MavenExecutionContext.executeBare(MavenExecutionContext.java:177)
    at org.eclipse.m2e.core.internal.embedder.MavenExecutionContext.execute(MavenExecutionContext.java:151)
    at org.eclipse.m2e.core.internal.project.ProjectConfigurationManager.updateProjectConfiguration(ProjectConfigurationManager.java:501)
    at org.eclipse.m2e.core.internal.project.ProjectConfigurationManager.updateProjectConfiguration0(ProjectConfigurationManager.java:439)
    at org.eclipse.m2e.core.internal.project.ProjectConfigurationManager$2.call(ProjectConfigurationManager.java:352)
    at org.eclipse.m2e.core.internal.project.ProjectConfigurationManager$2.call(ProjectConfigurationManager.java:1)
    at org.eclipse.m2e.core.internal.embedder.MavenExecutionContext.executeBare(MavenExecutionContext.java:177)
    at org.eclipse.m2e.core.internal.embedder.MavenExecutionContext.execute(MavenExecutionContext.java:151)
    at org.eclipse.m2e.core.internal.embedder.MavenExecutionContext.execute(MavenExecutionContext.java:99)
    at org.eclipse.m2e.core.internal.embedder.MavenImpl.execute(MavenImpl.java:1351)
    at org.eclipse.m2e.core.internal.project.ProjectConfigurationManager.updateProjectConfiguration(ProjectConfigurationManager.java:349)
    at org.eclipse.m2e.core.ui.internal.UpdateMavenProjectJob.runInWorkspace(UpdateMavenProjectJob.java:77)
    at org.eclipse.core.internal.resources.InternalWorkspaceJob.run(InternalWorkspaceJob.java:39)
    at org.eclipse.core.internal.jobs.Worker.run(Worker.java:56)
