org.eclipse.core.runtime.CoreException: 
    at org.eclipse.m2e.editor.xml.internal.mojo.MojoParameterMetadataProvider.execute(MojoParameterMetadataProvider.java:273)
    at org.eclipse.m2e.editor.xml.internal.mojo.MojoParameterMetadataProvider$2.call(MojoParameterMetadataProvider.java:187)
    at org.eclipse.m2e.editor.xml.internal.mojo.MojoParameterMetadataProvider$2.call(MojoParameterMetadataProvider.java:1)
    at com.google.common.cache.LocalCache$LocalManualCache$1.load(LocalCache.java:5065)
    at com.google.common.cache.LocalCache$LoadingValueReference.loadFuture(LocalCache.java:3716)
    at com.google.common.cache.LocalCache$Segment.loadSync(LocalCache.java:2424)
    at com.google.common.cache.LocalCache$Segment.lockedGetOrLoad(LocalCache.java:2298)
    at com.google.common.cache.LocalCache$Segment.get(LocalCache.java:2211)
    at com.google.common.cache.LocalCache.get(LocalCache.java:4154)
    at com.google.common.cache.LocalCache$LocalManualCache.get(LocalCache.java:5060)
    at org.eclipse.m2e.editor.xml.internal.mojo.MojoParameterMetadataProvider.getMojoConfiguration(MojoParameterMetadataProvider.java:184)
    at org.eclipse.m2e.editor.xml.internal.mojo.MojoParameterMetadataProvider.getMojoConfiguration(MojoParameterMetadataProvider.java:171)
    at org.eclipse.m2e.editor.xml.PomTemplateContext$2.addTemplates(PomTemplateContext.java:238)
    at org.eclipse.m2e.editor.xml.PomTemplateContext.getTemplates(PomTemplateContext.java:617)
    at org.eclipse.m2e.editor.xml.PomContentAssistProcessor.addTemplateProposals(PomContentAssistProcessor.java:361)
    at org.eclipse.m2e.editor.xml.PomContentAssistProcessor.addTagNameProposals(PomContentAssistProcessor.java:96)
    at org.eclipse.wst.xml.ui.internal.contentassist.AbstractXMLCompletionProposalComputer.computeTagOpenProposals(AbstractXMLCompletionProposalComputer.java:833)
    at org.eclipse.wst.xml.ui.internal.contentassist.AbstractXMLCompletionProposalComputer.computeCompletionProposals(AbstractXMLCompletionProposalComputer.java:377)
    at org.eclipse.wst.xml.ui.internal.contentassist.AbstractXMLCompletionProposalComputer.computeCompletionProposals(AbstractXMLCompletionProposalComputer.java:169)
    at org.eclipse.wst.sse.ui.internal.contentassist.CompletionProposalComputerDescriptor.computeCompletionProposals(CompletionProposalComputerDescriptor.java:284)
    at org.eclipse.wst.sse.ui.internal.contentassist.CompletionProposalCategory.computeCompletionProposals(CompletionProposalCategory.java:290)
    at org.eclipse.wst.sse.ui.contentassist.StructuredContentAssistProcessor.collectProposals(StructuredContentAssistProcessor.java:484)
    at org.eclipse.wst.sse.ui.contentassist.StructuredContentAssistProcessor.computeCompletionProposals(StructuredContentAssistProcessor.java:255)
    at org.eclipse.wst.sse.ui.internal.contentassist.CompoundContentAssistProcessor.computeCompletionProposals(CompoundContentAssistProcessor.java:127)
    at org.eclipse.jface.text.contentassist.ContentAssistant$3.run(ContentAssistant.java:2007)
    at org.eclipse.core.runtime.SafeRunner.run(SafeRunner.java:42)
    at org.eclipse.jface.text.contentassist.ContentAssistant.computeCompletionProposals(ContentAssistant.java:2004)
    at org.eclipse.jface.text.contentassist.CompletionProposalPopup.computeProposals(CompletionProposalPopup.java:560)
    at org.eclipse.jface.text.contentassist.CompletionProposalPopup.access$7(CompletionProposalPopup.java:555)
    at org.eclipse.jface.text.contentassist.CompletionProposalPopup$2.run(CompletionProposalPopup.java:489)
    at org.eclipse.swt.custom.BusyIndicator.showWhile(BusyIndicator.java:70)
    at org.eclipse.jface.text.contentassist.CompletionProposalPopup.showProposals(CompletionProposalPopup.java:482)
    at org.eclipse.jface.text.contentassist.ContentAssistant$AutoAssistListener$1.run(ContentAssistant.java:377)
    at org.eclipse.swt.widgets.RunnableLock.run(RunnableLock.java:37)
    at org.eclipse.swt.widgets.Synchronizer.runAsyncMessages(Synchronizer.java:182)
    at org.eclipse.swt.widgets.Display.runAsyncMessages(Display.java:4577)
    at org.eclipse.swt.widgets.Display.readAndDispatch(Display.java:4186)
    at org.eclipse.e4.ui.internal.workbench.swt.PartRenderingEngine$5.run(PartRenderingEngine.java:1150)
    at org.eclipse.core.databinding.observable.Realm.runWithDefault(Realm.java:336)
    at org.eclipse.e4.ui.internal.workbench.swt.PartRenderingEngine.run(PartRenderingEngine.java:1039)
    at org.eclipse.e4.ui.internal.workbench.E4Workbench.createAndRunUI(E4Workbench.java:153)
    at org.eclipse.ui.internal.Workbench.lambda$3(Workbench.java:680)
    at org.eclipse.core.databinding.observable.Realm.runWithDefault(Realm.java:336)
    at org.eclipse.ui.internal.Workbench.createAndRunWorkbench(Workbench.java:594)
    at org.eclipse.ui.PlatformUI.createAndRunWorkbench(PlatformUI.java:148)
    at org.eclipse.ui.internal.ide.application.IDEApplication.start(IDEApplication.java:151)
    at org.eclipse.equinox.internal.app.EclipseAppHandle.run(EclipseAppHandle.java:196)
    at org.eclipse.core.runtime.internal.adaptor.EclipseAppLauncher.runApplication(EclipseAppLauncher.java:134)
    at org.eclipse.core.runtime.internal.adaptor.EclipseAppLauncher.start(EclipseAppLauncher.java:104)
    at org.eclipse.core.runtime.adaptor.EclipseStarter.run(EclipseStarter.java:388)
    at org.eclipse.core.runtime.adaptor.EclipseStarter.run(EclipseStarter.java:243)
    at sun.reflect.NativeMethodAccessorImpl.invoke0(Native Method)
    at sun.reflect.NativeMethodAccessorImpl.invoke(NativeMethodAccessorImpl.java:62)
    at sun.reflect.DelegatingMethodAccessorImpl.invoke(DelegatingMethodAccessorImpl.java:43)
    at java.lang.reflect.Method.invoke(Method.java:498)
    at org.eclipse.equinox.launcher.Main.invokeFramework(Main.java:653)
    at org.eclipse.equinox.launcher.Main.basicRun(Main.java:590)
    at org.eclipse.equinox.launcher.Main.run(Main.java:1499)
    at org.eclipse.equinox.launcher.Main.main(Main.java:1472)
Caused by: java.lang.reflect.InvocationTargetException
    at org.eclipse.jface.operation.ModalContext.run(ModalContext.java:398)
    at org.eclipse.ui.internal.WorkbenchWindow$14.run(WorkbenchWindow.java:2195)
    at org.eclipse.swt.custom.BusyIndicator.showWhile(BusyIndicator.java:70)
    at org.eclipse.ui.internal.WorkbenchWindow.run(WorkbenchWindow.java:2191)
    at org.eclipse.m2e.editor.xml.internal.mojo.MojoParameterMetadataProvider.execute(MojoParameterMetadataProvider.java:243)
    ... 58 more
Caused by: java.lang.NoClassDefFoundError: org/eclipse/jface/viewers/ILightweightLabelDecorator
    at java.lang.ClassLoader.defineClass1(Native Method)
    at java.lang.ClassLoader.defineClass(ClassLoader.java:763)
    at java.security.SecureClassLoader.defineClass(SecureClassLoader.java:142)
    at java.net.URLClassLoader.defineClass(URLClassLoader.java:467)
    at java.net.URLClassLoader.access$100(URLClassLoader.java:73)
    at java.net.URLClassLoader$1.run(URLClassLoader.java:368)
    at java.net.URLClassLoader$1.run(URLClassLoader.java:362)
    at java.security.AccessController.doPrivileged(Native Method)
    at java.net.URLClassLoader.findClass(URLClassLoader.java:361)
    at org.codehaus.plexus.classworlds.realm.ClassRealm.loadClassFromSelf(ClassRealm.java:401)
    at org.codehaus.plexus.classworlds.strategy.SelfFirstStrategy.loadClass(SelfFirstStrategy.java:42)
    at org.codehaus.plexus.classworlds.realm.ClassRealm.unsynchronizedLoadClass(ClassRealm.java:271)
    at org.codehaus.plexus.classworlds.realm.ClassRealm.loadClass(ClassRealm.java:247)
    at org.codehaus.plexus.classworlds.realm.ClassRealm.loadClass(ClassRealm.java:239)
    at org.eclipse.m2e.editor.xml.mojo.PlexusConfigHelper.getCandidateClasses(PlexusConfigHelper.java:327)
    at org.eclipse.m2e.editor.xml.mojo.PlexusConfigHelper.getItemParameters(PlexusConfigHelper.java:199)
    at org.eclipse.m2e.editor.xml.mojo.PlexusConfigHelper.addParameter(PlexusConfigHelper.java:142)
    at org.eclipse.m2e.editor.xml.internal.mojo.DefaultMojoParameterMetadata.loadMojoParameters(DefaultMojoParameterMetadata.java:79)
    at org.eclipse.m2e.editor.xml.internal.mojo.MojoParameterMetadataProvider.loadMojoParameters(MojoParameterMetadataProvider.java:337)
    at org.eclipse.m2e.editor.xml.internal.mojo.MojoParameterMetadataProvider.loadMojoParameters(MojoParameterMetadataProvider.java:222)
    at org.eclipse.m2e.editor.xml.internal.mojo.MojoParameterMetadataProvider$2$1.call(MojoParameterMetadataProvider.java:193)
    at org.eclipse.m2e.editor.xml.internal.mojo.MojoParameterMetadataProvider$2$1.call(MojoParameterMetadataProvider.java:1)
    at org.eclipse.m2e.core.internal.embedder.MavenExecutionContext.executeBare(MavenExecutionContext.java:177)
    at org.eclipse.m2e.core.internal.embedder.MavenExecutionContext.execute(MavenExecutionContext.java:112)
    at org.eclipse.m2e.editor.xml.internal.mojo.MojoParameterMetadataProvider$3$1.call(MojoParameterMetadataProvider.java:254)
    at org.eclipse.m2e.core.internal.embedder.MavenExecutionContext.executeBare(MavenExecutionContext.java:177)
    at org.eclipse.m2e.core.internal.embedder.MavenExecutionContext.execute(MavenExecutionContext.java:151)
    at org.eclipse.m2e.core.internal.embedder.MavenExecutionContext.execute(MavenExecutionContext.java:99)
    at org.eclipse.m2e.editor.xml.internal.mojo.MojoParameterMetadataProvider$3.run(MojoParameterMetadataProvider.java:250)
    at org.eclipse.jface.operation.ModalContext$ModalContextThread.run(ModalContext.java:119)
Caused by: java.lang.ClassNotFoundException: org.eclipse.jface.viewers.ILightweightLabelDecorator
    at org.codehaus.plexus.classworlds.strategy.SelfFirstStrategy.loadClass(SelfFirstStrategy.java:50)
    at org.codehaus.plexus.classworlds.realm.ClassRealm.unsynchronizedLoadClass(ClassRealm.java:271)
    at org.codehaus.plexus.classworlds.realm.ClassRealm.loadClass(ClassRealm.java:247)
    at org.codehaus.plexus.classworlds.realm.ClassRealm.loadClass(ClassRealm.java:239)
    ... 30 more
